#
# A fatal error has been detected by the Java Runtime Environment:
#
#  SIGSEGV (0xb) at pc=0x00000001021fc9c0, pid=11063, tid=259
#
# JRE version: Java(TM) SE Runtime Environment (17.0.2+8) (build 17.0.2+8-LTS-86)
# Java VM: Java HotSpot(TM) 64-Bit Server VM (17.0.2+8-LTS-86, mixed mode, sharing, tiered, compressed oops, compressed class ptrs, g1 gc, bsd-amd64)
# Problematic frame:
# V  [libjvm.dylib+0x9ae9c0]  _ZN16SystemDictionary30resolve_instance_class_or_nullEP6Symbol6HandleS2_P10JavaThread+0x170
#
# No core dump will be written. Core dumps have been disabled. To enable core dumping, try "ulimit -c unlimited" before starting Java again
#
# If you would like to submit a bug report, please visit:
#   https://bugreport.java.com/bugreport/crash.jsp
#

---------------  S U M M A R Y ------------

Command Line: -Djava.library.path=/Users/lagol/javafx-sdk-17.0.1/lib -javaagent:/Applications/IntelliJ IDEA CE.app/Contents/lib/idea_rt.jar=51825:/Applications/IntelliJ IDEA CE.app/Contents/bin -Dfile.encoding=UTF-8 --module-path=/Users/lagol/javafx-sdk-17.0.1/lib/javafx.base.jar:/Users/lagol/.m2/repository/org/apache/commons/commons-math3/3.6.1/commons-math3-3.6.1.jar:/Users/lagol/Documents/GenealogieSoftware/target/classes:/Users/lagol/Documents/GenealogieSoftware/lib/sqlite-jdbc-3.36.0.3.jar:/Users/lagol/javafx-sdk-17.0.1/lib/javafx.controls.jar:/Users/lagol/javafx-sdk-17.0.1/lib/javafx.graphics.jar -Djdk.module.main=com.maxjacobi.genealogiesoftware com.maxjacobi.genealogiesoftware/com.maxjacobi.genealogiesoftware.GenealogieSoftwareApplication

Host: "MacBookPro12,1" x86_64 2900 MHz, 4 cores, 16G, Darwin 21.3.0, macOS 12.2 (21D49)
Time: Thu Apr 21 12:03:11 2022 CEST elapsed time: 0.984867 seconds (0d 0h 0m 0s)

---------------  T H R E A D  ---------------

Current thread (0x00007fd1248dcc00):  JavaThread "Thread-1" [_thread_in_vm, id=259, stack(0x00007ff7bf004000,0x00007ff7bf804000)]

Stack: [0x00007ff7bf004000,0x00007ff7bf804000],  sp=0x00007ff7bf800420,  free space=8177k
Native frames: (J=compiled Java code, j=interpreted, Vv=VM code, C=native code)
V  [libjvm.dylib+0x9ae9c0]  _ZN16SystemDictionary30resolve_instance_class_or_nullEP6Symbol6HandleS2_P10JavaThread+0x170
V  [libjvm.dylib+0x9ae324]  _ZN16SystemDictionary15resolve_or_failEP6Symbol6HandleS2_bP10JavaThread+0x64
V  [libjvm.dylib+0x59e1a1]  JVM_FindClassFromCaller+0x231
C  [libjava.dylib+0x29f6]  Java_java_lang_Class_forName0+0x136
j  java.lang.Class.forName0(Ljava/lang/String;ZLjava/lang/ClassLoader;Ljava/lang/Class;)Ljava/lang/Class;+0 java.base@17.0.2
j  java.lang.Class.forName(Ljava/lang/String;ZLjava/lang/ClassLoader;)Ljava/lang/Class;+43 java.base@17.0.2
v  ~StubRoutines::call_stub
V  [libjvm.dylib+0x5053c1]  _ZN9JavaCalls11call_helperEP9JavaValueRK12methodHandleP17JavaCallArgumentsP10JavaThread+0x2a1
V  [libjvm.dylib+0x566db2]  _ZL17jni_invoke_staticP7JNIEnv_P9JavaValueP8_jobject11JNICallTypeP10_jmethodIDP18JNI_ArgumentPusherP10JavaThread+0x152
V  [libjvm.dylib+0x5676c3]  jni_CallStaticObjectMethod+0x183
C  [libglass.dylib+0x27052]  +[GlassHelper ClassForName:withEnv:]+0xf2
C  [libglass.dylib+0x9651]  -[GlassApplication application:openFiles:]+0x121
C  [AppKit+0x467b87]  -[NSApplication _doOpenFile:ok:tryTemp:]+0x10b
C  [AppKit+0x30294]  -[NSApplication finishLaunching]+0x81b
C  [AppKit+0x2f7c9]  -[NSApplication run]+0xfa
C  [libglass.dylib+0xa2a5]  -[GlassApplication runLoop:]+0x795
C  [Foundation+0x80b03]  __NSThreadPerformPerform+0xb3
C  [CoreFoundation+0x808fd]  __CFRUNLOOP_IS_CALLING_OUT_TO_A_SOURCE0_PERFORM_FUNCTION__+0x11
C  [CoreFoundation+0x80865]  __CFRunLoopDoSource0+0xb4
C  [CoreFoundation+0x805e4]  __CFRunLoopDoSources0+0xf2
C  [CoreFoundation+0x7f01b]  __CFRunLoopRun+0x37d
C  [CoreFoundation+0x7e5dd]  CFRunLoopRunSpecific+0x233
C  [libjli.dylib+0x70b2]  CreateExecutionEnvironment+0x182
C  [libjli.dylib+0x2c15]  JLI_Launch+0x585
C  [java+0x3c09]  main+0x189
C  0x000000010e8444fe

Java frames: (J=compiled Java code, j=interpreted, Vv=VM code)
j  java.lang.Class.forName0(Ljava/lang/String;ZLjava/lang/ClassLoader;Ljava/lang/Class;)Ljava/lang/Class;+0 java.base@17.0.2
j  java.lang.Class.forName(Ljava/lang/String;ZLjava/lang/ClassLoader;)Ljava/lang/Class;+43 java.base@17.0.2
v  ~StubRoutines::call_stub

siginfo: si_signo: 11 (SIGSEGV), si_code: 1 (SEGV_MAPERR), si_addr: 0x0000000000000056

Register to memory mapping:

RAX=0xfffffffffffffffe is an unknown value
RBX=0x0000600002a58f80 points into unknown readable memory: 0x0000000000000002 | 02 00 00 00 00 00 00 00
RCX=0x0000000102495906: _ZN16LogTagSetMappingILN6LogTag4typeE81ELS1_0ELS1_0ELS1_0ELS1_0ELS1_0EE7_tagsetE+0x2e in /Library/Java/JavaVirtualMachines/jdk-17.0.2.jdk/Contents/Home/lib/server/libjvm.dylib at 0x000000010184e000
RDX=0x0000000800000000 is pointing into metadata
RSP=0x00007ff7bf800420 is pointing into the stack for thread: 0x00007fd1248dcc00
RBP=0x00007ff7bf800520 is pointing into the stack for thread: 0x00007fd1248dcc00
RSI=0x0000000800084090 is a pointer to class: 
jdk.internal.loader.ClassLoaders$AppClassLoader {0x0000000800084090}
 - instance size:     13
 - klass size:        104
 - access:            synchronized 
 - state:             fully_initialized
 - name:              'jdk/internal/loader/ClassLoaders$AppClassLoader'
 - super:             'jdk/internal/loader/BuiltinClassLoader'
 - sub:               
 - arrays:            NULL
 - methods:           Array<T>(0x000000080066e990)
 - method ordering:   Array<T>(0x000000080066eae0)
 - default_methods:   Array<T>(0x0000000000000000)
 - local interfaces:  Array<T>(0x00000008005dba10)
 - trans. interfaces: Array<T>(0x00000008005dba10)
 - constants:         constant pool [119] {0x000000080066c190} for 'jdk/internal/loader/ClassLoaders$AppClassLoader' cache=0x00000008000844a8
 - class loader data:  loader data: 0x0000600000e1c500 of 'bootstrap'
 - source file:       'ClassLoaders.java'
 - class annotations:       Array<T>(0x0000000000000000)
 - class type annotations:  Array<T>(0x0000000000000000)
 - field annotations:       Array<T>(0x0000000000000000)
 - field type annotations:  Array<T>(0x0000000000000000)
 - inner classes:     Array<T>(0x000000080066e978)
 - nest members:     Array<T>(0x00000008005db9a0)
 - permitted subclasses:     Array<T>(0x00000008005db9a0)
 - java mirror:       a 'java/lang/Class'{0x00000007ffd03e58} = 'jdk/internal/loader/ClassLoaders$AppClassLoader'
 - vtable length      43  (start addr: 0x0000000800084260)
 - itable length      2 (start addr: 0x00000008000843b8)
 - ---- static fields (0 words):
 - ---- non-static fields (23 words):
 - private 'defaultAssertionStatus' 'Z' @12 
 - private final 'parent' 'Ljava/lang/ClassLoader;' @24 
 - private final 'name' 'Ljava/lang/String;' @28 
 - private final 'unnamedModule' 'Ljava/lang/Module;' @32 
 - private final 'nameAndId' 'Ljava/lang/String;' @36 
 - private final 'parallelLockMap' 'Ljava/util/concurrent/ConcurrentHashMap;' @40 
 - private final 'package2certs' 'Ljava/util/concurrent/ConcurrentHashMap;' @44 
 - private final 'classes' 'Ljava/util/ArrayList;' @48 
 - private final 'defaultDomain' 'Ljava/security/ProtectionDomain;' @52 
 - private final 'packages' 'Ljava/util/concurrent/ConcurrentHashMap;' @56 
 - private final 'libraries' 'Ljdk/internal/loader/NativeLibraries;' @60 
 - final 'assertionLock' 'Ljava/lang/Object;' @64 
 - private 'packageAssertionStatus' 'Ljava/util/Map;' @68 
 - 'classAssertionStatus' 'Ljava/util/Map;' @72 
 - private volatile 'classLoaderValueMap' 'Ljava/util/concurrent/ConcurrentHashMap;' @76 
 - private final 'pdcache' 'Ljava/util/Map;' @80 
 - private final 'parent' 'Ljdk/internal/loader/BuiltinClassLoader;' @84 
 - private synchronized 'ucp' 'Ljdk/internal/loader/URLClassPath;' @88 
 - private final 'nameToModule' 'Ljava/util/Map;' @92 
 - private final 'moduleToReader' 'Ljava/util/Map;' @96 
 - private volatile 'resourceCache' 'Ljava/lang/ref/SoftReference;' @100 
 - non-static oop maps: 24-100 
RDI=0x0000000020011603 is an unknown value
R8 =0x0000000700000000 points into unknown readable memory: 0x0000000000000000 | 00 00 00 00 00 00 00 00
R9 =0x0000000000003000 is an unknown value
R10=0x000000000000006e is an unknown value
R11=0x0 is NULL
R12=0x0000600000010b58 points into unknown readable memory: 0x000000070f2000e0 | e0 00 20 0f 07 00 00 00
R13=0x0 is NULL
R14=0x000000070f2000e0 is an oop: jdk.internal.loader.ClassLoaders$AppClassLoader 
{0x000000070f2000e0} - klass: 'jdk/internal/loader/ClassLoaders$AppClassLoader'
 - ---- fields (total size 13 words):
 - private 'defaultAssertionStatus' 'Z' @12  true (a)
 - private final 'parent' 'Ljava/lang/ClassLoader;' @24  a 'java/lang/Class'{0x000000070f2dada0} = 'com/sun/glass/ui/Screen' (e1e5b5b4)
 - private final 'name' 'Ljava/lang/String;' @28  "app"{0x00000007ffe0bb68} (fffc176d)
 - private final 'unnamedModule' 'Ljava/lang/Module;' @32  a 'java/lang/Module'{0x000000070f2f6e50} (e1e5edca)
 - private final 'nameAndId' 'Ljava/lang/String;' @36  a 'java/lang/invoke/ResolvedMethodName'{0x000000070ff46940} (e1fe8d28)
 - private final 'parallelLockMap' 'Ljava/util/concurrent/ConcurrentHashMap;' @40  a 'java/util/concurrent/ConcurrentHashMap'{0x000000070f339aa8} (e1e67355)
 - private final 'package2certs' 'Ljava/util/concurrent/ConcurrentHashMap;' @44  a 'java/util/concurrent/ConcurrentHashMap'{0x000000070f338bc8} (e1e67179)
 - private final 'classes' 'Ljava/util/ArrayList;' @48  a 'java/util/ArrayList'{0x000000070f337e58} (e1e66fcb)
 - private final 'defaultDomain' 'Ljava/security/ProtectionDomain;' @52  a 'java/security/ProtectionDomain'{0x000000070f337298} (e1e66e53)
 - private final 'packages' 'Ljava/util/concurrent/ConcurrentHashMap;' @56  a 'java/util/concurrent/ConcurrentHashMap'{0x000000070f336938} (e1e66d27)
 - private final 'libraries' 'Ljdk/internal/loader/NativeLibraries;' @60  a 'jdk/internal/loader/NativeLibraries'{0x000000070f336288} (e1e66c51)
 - final 'assertionLock' 'Ljava/lang/Object;' @64  a 'java/lang/Object'{0x000000070f336278} (e1e66c4f)
 - private 'packageAssertionStatus' 'Ljava/util/Map;' @68  NULL (0)
 - 'classAssertionStatus' 'Ljava/util/Map;' @72  NULL (0)
 - private volatile 'classLoaderValueMap' 'Ljava/util/concurrent/ConcurrentHashMap;' @76  a 'java/util/concurrent/ConcurrentHashMap'{0x000000070f336158} (e1e66c2b)
 - private final 'pdcache' 'Ljava/util/Map;' @80  a 'java/util/concurrent/ConcurrentHashMap'{0x000000070f335f78} (e1e66bef)
 - private final 'parent' 'Ljdk/internal/loader/BuiltinClassLoader;' @84  a 'jdk/internal/loader/ClassLoaders$PlatformClassLoader'{0x000000070f21ab50} (e1e4356a)
 - private synchronized 'ucp' 'Ljdk/internal/loader/URLClassPath;' @88  a 'jdk/internal/loader/URLClassPath'{0x000000070f32e960} (e1e65d2c)
 - private final 'nameToModule' 'Ljava/util/Map;' @92  a 'java/util/concurrent/ConcurrentHashMap'{0x000000070f32e630} (e1e65cc6)
 - private final 'moduleToReader' 'Ljava/util/Map;' @96  a 'java/util/concurrent/ConcurrentHashMap'{0x000000070f32e158} (e1e65c2b)
 - private volatile 'resourceCache' 'Ljava/lang/ref/SoftReference;' @100  NULL (0)
R15=0x00000008004580c8 is pointing into metadata


Registers:
RAX=0xfffffffffffffffe, RBX=0x0000600002a58f80, RCX=0x0000000102495906, RDX=0x0000000800000000
RSP=0x00007ff7bf800420, RBP=0x00007ff7bf800520, RSI=0x0000000800084090, RDI=0x0000000020011603
R8 =0x0000000700000000, R9 =0x0000000000003000, R10=0x000000000000006e, R11=0x0000000000000000
R12=0x0000600000010b58, R13=0x0000000000000000, R14=0x000000070f2000e0, R15=0x00000008004580c8
RIP=0x00000001021fc9c0, EFLAGS=0x0000000000010206, ERR=0x0000000000000004
  TRAPNO=0x000000000000000e

Top of Stack: (sp=0x00007ff7bf800420)
0x00007ff7bf800420:   0000000000000002 00007fd1248dcc00
0x00007ff7bf800430:   0000600002a58f80 0000600000010b40
0x00007ff7bf800440:   0000600000010b58 0000600000010c28
0x00007ff7bf800450:   00000000000000d8 00007ff7bf800850
0x00007ff7bf800460:   00007ff81fdff8c0 0000000000000000
0x00007ff7bf800470:   00007ff8602f28b0 00007ff81ea75b8f
0x00007ff7bf800480:   0000000000000000 0000000000000000
0x00007ff7bf800490:   0000000000000000 0000600001b088a0
0x00007ff7bf8004a0:   0000000000000000 0000000000000000
0x00007ff7bf8004b0:   0000000000000000 00007ff81ead1bdb
0x00007ff7bf8004c0:   000000010d0ad4c0 0000000000000007
0x00007ff7bf8004d0:   00000000000000ff 00007fd1248dcc00
0x00007ff7bf8004e0:   00007ff700000000 0000600000010b58
0x00007ff7bf8004f0:   0000000000000010 0000600000010b50
0x00007ff7bf800500:   00000008004580c8 0000000000000000
0x00007ff7bf800510:   0000000000000000 00007fd1248dcc00
0x00007ff7bf800520:   00007ff7bf800560 00000001021fc324
0x00007ff7bf800530:   0000600000010b58 000000070f2000e0
0x00007ff7bf800540:   00007fd1248dcc00 0000000000000000
0x00007ff7bf800550:   00000008004580c8 0000600000010b50
0x00007ff7bf800560:   00007ff7bf8005b0 0000000101dec1a1
0x00007ff7bf800570:   0000000000000000 0000000100000010
0x00007ff7bf800580:   0000000000000000 0000000000000010
0x00007ff7bf800590:   0000000000000010 00007fd1248dcea8
0x00007ff7bf8005a0:   00007ff7bf8005e0 00007ff7bf800740
0x00007ff7bf8005b0:   00007ff7bf800690 00000001008bb9f6
0x00007ff7bf8005c0:   0000600003f25d20 0000000000000000
0x00007ff7bf8005d0:   00007ff7bf800730 000000010310f960
0x00007ff7bf8005e0:   6e616c2f6176616a 676e697274532f67
0x00007ff7bf8005f0:   71f37dc4c3670000 00007ff7bf800698
0x00007ff7bf800600:   0000000000000001 00007ff7bf800680
0x00007ff7bf800610:   0000000000000000 0000000000000000 

Instructions: (pc=0x00000001021fc9c0)
0x00000001021fc8c0:   1c 2c b6 ff 48 85 c0 4c 89 65 b8 75 19 e9 c7 00
0x00000001021fc8d0:   00 00 31 ff e8 07 2c b6 ff 48 85 c0 4c 89 65 b8
0x00000001021fc8e0:   0f 84 b3 00 00 00 49 89 c6 49 8b 9c 24 38 02 00
0x00000001021fc8f0:   00 4c 8b 63 18 49 83 fc f8 72 18 48 8d 15 7d 1d
0x00000001021fc900:   13 00 be 08 00 00 00 48 89 df e8 11 b6 7a ff 4c
0x00000001021fc910:   8b 63 18 49 8d 44 24 08 48 3b 43 20 76 6e be 08
0x00000001021fc920:   00 00 00 48 89 df 31 d2 e8 23 b6 7a ff 49 89 c4
0x00000001021fc930:   4d 89 34 24 4d 85 e4 74 60 4c 89 f7 31 f6 e8 8d
0x00000001021fc940:   5a ec ff 84 c0 75 26 48 8d 3d f7 25 19 00 48 8d
0x00000001021fc950:   15 31 26 19 00 48 8d 0d 6a 26 19 00 be 23 00 00
0x00000001021fc960:   00 31 c0 e8 e8 08 9a ff e8 23 55 ed ff 49 8b 3c
0x00000001021fc970:   24 e8 fa 27 b6 ff 48 85 c0 4c 89 65 c8 0f 84 ef
0x00000001021fc980:   01 00 00 c7 45 c0 00 00 00 00 eb 22 48 89 43 18
0x00000001021fc990:   4d 89 34 24 4d 85 e4 75 a0 48 8d 05 50 ff 2c 00
0x00000001021fc9a0:   48 8b 00 b1 01 89 4d c0 31 c9 48 89 4d c8 48 8d
0x00000001021fc9b0:   0d a7 8f 29 00 8a 09 80 c1 03 4c 89 ff 48 d3 ef
0x00000001021fc9c0:   4c 8b 68 58 41 8b 0f 49 89 c4 41 8b 57 04 c1 e2
0x00000001021fc9d0:   08 41 0f b6 77 06 c1 e6 08 45 0f b6 77 07 41 09
0x00000001021fc9e0:   f6 41 31 d6 41 31 fe 41 0f a4 ce 10 4c 89 ef 44
0x00000001021fc9f0:   89 f6 4c 89 fa 48 8b 4d 90 e8 a2 f4 a0 ff 48 89
0x00000001021fca00:   c3 48 85 c0 0f 85 88 03 00 00 4c 89 6d a8 4c 89
0x00000001021fca10:   65 b0 80 7d c0 00 74 04 31 f6 eb 20 48 8d 05 33
0x00000001021fca20:   88 2d 00 80 38 00 4c 8b 65 c8 75 0d 49 8b 3c 24
0x00000001021fca30:   e8 bb 29 b6 ff 84 c0 75 df 4c 89 e6 48 8b 5d b8
0x00000001021fca40:   4d 89 fc 48 8d bd 40 ff ff ff 48 89 b5 58 ff ff
0x00000001021fca50:   ff 48 89 da e8 a7 cb ff ff 48 8d 05 70 a9 2e 00
0x00000001021fca60:   4c 8b 28 4d 85 ed 74 0b 4c 89 ef 48 89 de e8 6d
0x00000001021fca70:   42 ea ff 48 8b 7d a8 44 89 f6 4c 89 e2 e8 de f4
0x00000001021fca80:   a0 ff 48 85 c0 48 89 45 c0 0f 84 f9 00 00 00 48
0x00000001021fca90:   89 c2 31 f6 45 31 ff 4d 85 ed 74 12 4c 89 ef 48
0x00000001021fcaa0:   89 f3 e8 c9 43 ea ff 48 89 de 48 8b 55 c0 45 84
0x00000001021fcab0:   ff 4c 8b 6d b8 4d 89 e7 74 28 4c 89 ff 48 8b 55 


Stack slot to memory mapping:
stack at sp + 0 slots: 0x0000000000000002 is an unknown value
stack at sp + 1 slots: 0x00007fd1248dcc00 is a thread
stack at sp + 2 slots: 0x0000600002a58f80 points into unknown readable memory: 0x0000000000000002 | 02 00 00 00 00 00 00 00
stack at sp + 3 slots: 0x0000600000010b40 points into unknown readable memory: 0x0000000000000000 | 00 00 00 00 00 00 00 00
stack at sp + 4 slots: 0x0000600000010b58 points into unknown readable memory: 0x000000070f2000e0 | e0 00 20 0f 07 00 00 00
stack at sp + 5 slots: 0x0000600000010c28 points into unknown readable memory: 0x0000000000000000 | 00 00 00 00 00 00 00 00
stack at sp + 6 slots: 0x00000000000000d8 is an unknown value
stack at sp + 7 slots: 0x00007ff7bf800850 is pointing into the stack for thread: 0x00007fd1248dcc00


---------------  P R O C E S S  ---------------

Threads class SMR info:
_java_thread_list=0x0000600003f55040, length=15, elements={
0x00007fd124009600, 0x00007fd1240e1000, 0x00007fd1240e3800, 0x00007fd12300e400,
0x00007fd12300cc00, 0x00007fd124813a00, 0x00007fd1240e8800, 0x00007fd124814000,
0x00007fd1240e8e00, 0x00007fd1240e5c00, 0x00007fd122812e00, 0x00007fd12300aa00,
0x00007fd1240e7200, 0x00007fd1229bc000, 0x00007fd1248dcc00
}

Java Threads: ( => current thread )
  0x00007fd124009600 JavaThread "main" [_thread_blocked, id=10243, stack(0x0000700001547000,0x0000700001647000)]
  0x00007fd1240e1000 JavaThread "Reference Handler" daemon [_thread_blocked, id=16131, stack(0x0000700001c5c000,0x0000700001d5c000)]
  0x00007fd1240e3800 JavaThread "Finalizer" daemon [_thread_blocked, id=14851, stack(0x0000700001d5f000,0x0000700001e5f000)]
  0x00007fd12300e400 JavaThread "Signal Dispatcher" daemon [_thread_blocked, id=23043, stack(0x0000700001f68000,0x0000700002068000)]
  0x00007fd12300cc00 JavaThread "Service Thread" daemon [_thread_blocked, id=42243, stack(0x000070000206b000,0x000070000216b000)]
  0x00007fd124813a00 JavaThread "Monitor Deflation Thread" daemon [_thread_blocked, id=23299, stack(0x000070000216e000,0x000070000226e000)]
  0x00007fd1240e8800 JavaThread "C2 CompilerThread0" daemon [_thread_blocked, id=23555, stack(0x0000700002271000,0x0000700002371000)]
  0x00007fd124814000 JavaThread "C1 CompilerThread0" daemon [_thread_blocked, id=24067, stack(0x0000700002374000,0x0000700002474000)]
  0x00007fd1240e8e00 JavaThread "Sweeper thread" daemon [_thread_blocked, id=41219, stack(0x0000700002477000,0x0000700002577000)]
  0x00007fd1240e5c00 JavaThread "Common-Cleaner" daemon [_thread_blocked, id=40963, stack(0x000070000257a000,0x000070000267a000)]
  0x00007fd122812e00 JavaThread "Monitor Ctrl-Break" daemon [_thread_in_native, id=40451, stack(0x0000700002780000,0x0000700002880000)]
  0x00007fd12300aa00 JavaThread "Notification Thread" daemon [_thread_blocked, id=39939, stack(0x0000700002883000,0x0000700002983000)]
  0x00007fd1240e7200 JavaThread "QuantumRenderer-0" daemon [_thread_blocked, id=25603, stack(0x0000700002a89000,0x0000700002b89000)]
  0x00007fd1229bc000 JavaThread "InvokeLaterDispatcher" daemon [_thread_blocked, id=30723, stack(0x0000700002e95000,0x0000700002f95000)]
=>0x00007fd1248dcc00 JavaThread "Thread-1" [_thread_in_vm, id=259, stack(0x00007ff7bf004000,0x00007ff7bf804000)]

Other Threads:
  0x00007fd123a059d0 VMThread "VM Thread" [stack: 0x0000700001b59000,0x0000700001c59000] [id=16643]
  0x00007fd12270a530 WatcherThread [stack: 0x0000700002986000,0x0000700002a86000] [id=39683]
  0x00007fd123807020 GCTaskThread "GC Thread#0" [stack: 0x000070000164a000,0x000070000174a000] [id=19715]
  0x00007fd123911840 GCTaskThread "GC Thread#1" [stack: 0x0000700002b8c000,0x0000700002c8c000] [id=29711]
  0x00007fd123911cb0 GCTaskThread "GC Thread#2" [stack: 0x0000700002c8f000,0x0000700002d8f000] [id=30467]
  0x00007fd12381fab0 GCTaskThread "GC Thread#3" [stack: 0x0000700002d92000,0x0000700002e92000] [id=35843]
  0x00007fd1238076c0 ConcurrentGCThread "G1 Main Marker" [stack: 0x000070000174d000,0x000070000184d000] [id=12547]
  0x00007fd123807f40 ConcurrentGCThread "G1 Conc#0" [stack: 0x0000700001850000,0x0000700001950000] [id=13315]
  0x00007fd1238097a0 ConcurrentGCThread "G1 Refine#0" [stack: 0x0000700001953000,0x0000700001a53000] [id=13571]
  0x00007fd122704500 ConcurrentGCThread "G1 Service" [stack: 0x0000700001a56000,0x0000700001b56000] [id=18435]

Threads with active compile tasks:

VM state: not at safepoint (normal execution)

VM Mutex/Monitor currently owned by a thread: None

Heap address: 0x0000000700000000, size: 4096 MB, Compressed Oops mode: Zero based, Oop shift amount: 3

CDS archive(s) mapped at: [0x0000000800000000-0x0000000800bd8000-0x0000000800bd8000), size 12419072, SharedBaseAddress: 0x0000000800000000, ArchiveRelocationMode: 0.
Compressed class space mapped at: 0x0000000800c00000-0x0000000840c00000, reserved size: 1073741824
Narrow klass base: 0x0000000800000000, Narrow klass shift: 0, Narrow klass range: 0x100000000

GC Precious Log:
 CPUs: 4 total, 4 available
 Memory: 16384M
 Large Page Support: Disabled
 NUMA Support: Disabled
 Compressed Oops: Enabled (Zero based)
 Heap Region Size: 2M
 Heap Min Capacity: 8M
 Heap Initial Capacity: 256M
 Heap Max Capacity: 4G
 Pre-touch: Disabled
 Parallel Workers: 4
 Concurrent Workers: 1
 Concurrent Refinement Workers: 4
 Periodic GC: Disabled

Heap:
 garbage-first heap   total 266240K, used 3368K [0x0000000700000000, 0x0000000800000000)
  region size 2048K, 2 young (4096K), 1 survivors (2048K)
 Metaspace       used 2884K, committed 3136K, reserved 1056768K
  class space    used 320K, committed 448K, reserved 1048576K

Heap Regions: E=young(eden), S=young(survivor), O=old, HS=humongous(starts), HC=humongous(continues), CS=collection set, F=free, OA=open archive, CA=closed archive, TAMS=top-at-mark-start (previous, next)
|   0|0x0000000700000000, 0x0000000700000000, 0x0000000700200000|  0%| F|  |TAMS 0x0000000700000000, 0x0000000700000000| Untracked 
|   1|0x0000000700200000, 0x0000000700200000, 0x0000000700400000|  0%| F|  |TAMS 0x0000000700200000, 0x0000000700200000| Untracked 
|   2|0x0000000700400000, 0x0000000700400000, 0x0000000700600000|  0%| F|  |TAMS 0x0000000700400000, 0x0000000700400000| Untracked 
|   3|0x0000000700600000, 0x0000000700600000, 0x0000000700800000|  0%| F|  |TAMS 0x0000000700600000, 0x0000000700600000| Untracked 
|   4|0x0000000700800000, 0x0000000700800000, 0x0000000700a00000|  0%| F|  |TAMS 0x0000000700800000, 0x0000000700800000| Untracked 
|   5|0x0000000700a00000, 0x0000000700a00000, 0x0000000700c00000|  0%| F|  |TAMS 0x0000000700a00000, 0x0000000700a00000| Untracked 
|   6|0x0000000700c00000, 0x0000000700c00000, 0x0000000700e00000|  0%| F|  |TAMS 0x0000000700c00000, 0x0000000700c00000| Untracked 
|   7|0x0000000700e00000, 0x0000000700e00000, 0x0000000701000000|  0%| F|  |TAMS 0x0000000700e00000, 0x0000000700e00000| Untracked 
|   8|0x0000000701000000, 0x0000000701000000, 0x0000000701200000|  0%| F|  |TAMS 0x0000000701000000, 0x0000000701000000| Untracked 
|   9|0x0000000701200000, 0x0000000701200000, 0x0000000701400000|  0%| F|  |TAMS 0x0000000701200000, 0x0000000701200000| Untracked 
|  10|0x0000000701400000, 0x0000000701400000, 0x0000000701600000|  0%| F|  |TAMS 0x0000000701400000, 0x0000000701400000| Untracked 
|  11|0x0000000701600000, 0x0000000701600000, 0x0000000701800000|  0%| F|  |TAMS 0x0000000701600000, 0x0000000701600000| Untracked 
|  12|0x0000000701800000, 0x0000000701800000, 0x0000000701a00000|  0%| F|  |TAMS 0x0000000701800000, 0x0000000701800000| Untracked 
|  13|0x0000000701a00000, 0x0000000701a00000, 0x0000000701c00000|  0%| F|  |TAMS 0x0000000701a00000, 0x0000000701a00000| Untracked 
|  14|0x0000000701c00000, 0x0000000701c00000, 0x0000000701e00000|  0%| F|  |TAMS 0x0000000701c00000, 0x0000000701c00000| Untracked 
|  15|0x0000000701e00000, 0x0000000701e00000, 0x0000000702000000|  0%| F|  |TAMS 0x0000000701e00000, 0x0000000701e00000| Untracked 
|  16|0x0000000702000000, 0x0000000702000000, 0x0000000702200000|  0%| F|  |TAMS 0x0000000702000000, 0x0000000702000000| Untracked 
|  17|0x0000000702200000, 0x0000000702200000, 0x0000000702400000|  0%| F|  |TAMS 0x0000000702200000, 0x0000000702200000| Untracked 
|  18|0x0000000702400000, 0x0000000702400000, 0x0000000702600000|  0%| F|  |TAMS 0x0000000702400000, 0x0000000702400000| Untracked 
|  19|0x0000000702600000, 0x0000000702600000, 0x0000000702800000|  0%| F|  |TAMS 0x0000000702600000, 0x0000000702600000| Untracked 
|  20|0x0000000702800000, 0x0000000702800000, 0x0000000702a00000|  0%| F|  |TAMS 0x0000000702800000, 0x0000000702800000| Untracked 
|  21|0x0000000702a00000, 0x0000000702a00000, 0x0000000702c00000|  0%| F|  |TAMS 0x0000000702a00000, 0x0000000702a00000| Untracked 
|  22|0x0000000702c00000, 0x0000000702c00000, 0x0000000702e00000|  0%| F|  |TAMS 0x0000000702c00000, 0x0000000702c00000| Untracked 
|  23|0x0000000702e00000, 0x0000000702e00000, 0x0000000703000000|  0%| F|  |TAMS 0x0000000702e00000, 0x0000000702e00000| Untracked 
|  24|0x0000000703000000, 0x0000000703000000, 0x0000000703200000|  0%| F|  |TAMS 0x0000000703000000, 0x0000000703000000| Untracked 
|  25|0x0000000703200000, 0x0000000703200000, 0x0000000703400000|  0%| F|  |TAMS 0x0000000703200000, 0x0000000703200000| Untracked 
|  26|0x0000000703400000, 0x0000000703400000, 0x0000000703600000|  0%| F|  |TAMS 0x0000000703400000, 0x0000000703400000| Untracked 
|  27|0x0000000703600000, 0x0000000703600000, 0x0000000703800000|  0%| F|  |TAMS 0x0000000703600000, 0x0000000703600000| Untracked 
|  28|0x0000000703800000, 0x0000000703800000, 0x0000000703a00000|  0%| F|  |TAMS 0x0000000703800000, 0x0000000703800000| Untracked 
|  29|0x0000000703a00000, 0x0000000703a00000, 0x0000000703c00000|  0%| F|  |TAMS 0x0000000703a00000, 0x0000000703a00000| Untracked 
|  30|0x0000000703c00000, 0x0000000703c00000, 0x0000000703e00000|  0%| F|  |TAMS 0x0000000703c00000, 0x0000000703c00000| Untracked 
|  31|0x0000000703e00000, 0x0000000703e00000, 0x0000000704000000|  0%| F|  |TAMS 0x0000000703e00000, 0x0000000703e00000| Untracked 
|  32|0x0000000704000000, 0x0000000704000000, 0x0000000704200000|  0%| F|  |TAMS 0x0000000704000000, 0x0000000704000000| Untracked 
|  33|0x0000000704200000, 0x0000000704200000, 0x0000000704400000|  0%| F|  |TAMS 0x0000000704200000, 0x0000000704200000| Untracked 
|  34|0x0000000704400000, 0x0000000704400000, 0x0000000704600000|  0%| F|  |TAMS 0x0000000704400000, 0x0000000704400000| Untracked 
|  35|0x0000000704600000, 0x0000000704600000, 0x0000000704800000|  0%| F|  |TAMS 0x0000000704600000, 0x0000000704600000| Untracked 
|  36|0x0000000704800000, 0x0000000704800000, 0x0000000704a00000|  0%| F|  |TAMS 0x0000000704800000, 0x0000000704800000| Untracked 
|  37|0x0000000704a00000, 0x0000000704a00000, 0x0000000704c00000|  0%| F|  |TAMS 0x0000000704a00000, 0x0000000704a00000| Untracked 
|  38|0x0000000704c00000, 0x0000000704c00000, 0x0000000704e00000|  0%| F|  |TAMS 0x0000000704c00000, 0x0000000704c00000| Untracked 
|  39|0x0000000704e00000, 0x0000000704e00000, 0x0000000705000000|  0%| F|  |TAMS 0x0000000704e00000, 0x0000000704e00000| Untracked 
|  40|0x0000000705000000, 0x0000000705000000, 0x0000000705200000|  0%| F|  |TAMS 0x0000000705000000, 0x0000000705000000| Untracked 
|  41|0x0000000705200000, 0x0000000705200000, 0x0000000705400000|  0%| F|  |TAMS 0x0000000705200000, 0x0000000705200000| Untracked 
|  42|0x0000000705400000, 0x0000000705400000, 0x0000000705600000|  0%| F|  |TAMS 0x0000000705400000, 0x0000000705400000| Untracked 
|  43|0x0000000705600000, 0x0000000705600000, 0x0000000705800000|  0%| F|  |TAMS 0x0000000705600000, 0x0000000705600000| Untracked 
|  44|0x0000000705800000, 0x0000000705800000, 0x0000000705a00000|  0%| F|  |TAMS 0x0000000705800000, 0x0000000705800000| Untracked 
|  45|0x0000000705a00000, 0x0000000705a00000, 0x0000000705c00000|  0%| F|  |TAMS 0x0000000705a00000, 0x0000000705a00000| Untracked 
|  46|0x0000000705c00000, 0x0000000705c00000, 0x0000000705e00000|  0%| F|  |TAMS 0x0000000705c00000, 0x0000000705c00000| Untracked 
|  47|0x0000000705e00000, 0x0000000705e00000, 0x0000000706000000|  0%| F|  |TAMS 0x0000000705e00000, 0x0000000705e00000| Untracked 
|  48|0x0000000706000000, 0x0000000706000000, 0x0000000706200000|  0%| F|  |TAMS 0x0000000706000000, 0x0000000706000000| Untracked 
|  49|0x0000000706200000, 0x0000000706200000, 0x0000000706400000|  0%| F|  |TAMS 0x0000000706200000, 0x0000000706200000| Untracked 
|  50|0x0000000706400000, 0x0000000706400000, 0x0000000706600000|  0%| F|  |TAMS 0x0000000706400000, 0x0000000706400000| Untracked 
|  51|0x0000000706600000, 0x0000000706600000, 0x0000000706800000|  0%| F|  |TAMS 0x0000000706600000, 0x0000000706600000| Untracked 
|  52|0x0000000706800000, 0x0000000706800000, 0x0000000706a00000|  0%| F|  |TAMS 0x0000000706800000, 0x0000000706800000| Untracked 
|  53|0x0000000706a00000, 0x0000000706a00000, 0x0000000706c00000|  0%| F|  |TAMS 0x0000000706a00000, 0x0000000706a00000| Untracked 
|  54|0x0000000706c00000, 0x0000000706c00000, 0x0000000706e00000|  0%| F|  |TAMS 0x0000000706c00000, 0x0000000706c00000| Untracked 
|  55|0x0000000706e00000, 0x0000000706e00000, 0x0000000707000000|  0%| F|  |TAMS 0x0000000706e00000, 0x0000000706e00000| Untracked 
|  56|0x0000000707000000, 0x0000000707000000, 0x0000000707200000|  0%| F|  |TAMS 0x0000000707000000, 0x0000000707000000| Untracked 
|  57|0x0000000707200000, 0x0000000707200000, 0x0000000707400000|  0%| F|  |TAMS 0x0000000707200000, 0x0000000707200000| Untracked 
|  58|0x0000000707400000, 0x0000000707400000, 0x0000000707600000|  0%| F|  |TAMS 0x0000000707400000, 0x0000000707400000| Untracked 
|  59|0x0000000707600000, 0x0000000707600000, 0x0000000707800000|  0%| F|  |TAMS 0x0000000707600000, 0x0000000707600000| Untracked 
|  60|0x0000000707800000, 0x0000000707800000, 0x0000000707a00000|  0%| F|  |TAMS 0x0000000707800000, 0x0000000707800000| Untracked 
|  61|0x0000000707a00000, 0x0000000707a00000, 0x0000000707c00000|  0%| F|  |TAMS 0x0000000707a00000, 0x0000000707a00000| Untracked 
|  62|0x0000000707c00000, 0x0000000707c00000, 0x0000000707e00000|  0%| F|  |TAMS 0x0000000707c00000, 0x0000000707c00000| Untracked 
|  63|0x0000000707e00000, 0x0000000707e00000, 0x0000000708000000|  0%| F|  |TAMS 0x0000000707e00000, 0x0000000707e00000| Untracked 
|  64|0x0000000708000000, 0x0000000708000000, 0x0000000708200000|  0%| F|  |TAMS 0x0000000708000000, 0x0000000708000000| Untracked 
|  65|0x0000000708200000, 0x0000000708200000, 0x0000000708400000|  0%| F|  |TAMS 0x0000000708200000, 0x0000000708200000| Untracked 
|  66|0x0000000708400000, 0x0000000708400000, 0x0000000708600000|  0%| F|  |TAMS 0x0000000708400000, 0x0000000708400000| Untracked 
|  67|0x0000000708600000, 0x0000000708600000, 0x0000000708800000|  0%| F|  |TAMS 0x0000000708600000, 0x0000000708600000| Untracked 
|  68|0x0000000708800000, 0x0000000708800000, 0x0000000708a00000|  0%| F|  |TAMS 0x0000000708800000, 0x0000000708800000| Untracked 
|  69|0x0000000708a00000, 0x0000000708a00000, 0x0000000708c00000|  0%| F|  |TAMS 0x0000000708a00000, 0x0000000708a00000| Untracked 
|  70|0x0000000708c00000, 0x0000000708c00000, 0x0000000708e00000|  0%| F|  |TAMS 0x0000000708c00000, 0x0000000708c00000| Untracked 
|  71|0x0000000708e00000, 0x0000000708e00000, 0x0000000709000000|  0%| F|  |TAMS 0x0000000708e00000, 0x0000000708e00000| Untracked 
|  72|0x0000000709000000, 0x0000000709000000, 0x0000000709200000|  0%| F|  |TAMS 0x0000000709000000, 0x0000000709000000| Untracked 
|  73|0x0000000709200000, 0x0000000709200000, 0x0000000709400000|  0%| F|  |TAMS 0x0000000709200000, 0x0000000709200000| Untracked 
|  74|0x0000000709400000, 0x0000000709400000, 0x0000000709600000|  0%| F|  |TAMS 0x0000000709400000, 0x0000000709400000| Untracked 
|  75|0x0000000709600000, 0x0000000709600000, 0x0000000709800000|  0%| F|  |TAMS 0x0000000709600000, 0x0000000709600000| Untracked 
|  76|0x0000000709800000, 0x0000000709800000, 0x0000000709a00000|  0%| F|  |TAMS 0x0000000709800000, 0x0000000709800000| Untracked 
|  77|0x0000000709a00000, 0x0000000709a00000, 0x0000000709c00000|  0%| F|  |TAMS 0x0000000709a00000, 0x0000000709a00000| Untracked 
|  78|0x0000000709c00000, 0x0000000709c00000, 0x0000000709e00000|  0%| F|  |TAMS 0x0000000709c00000, 0x0000000709c00000| Untracked 
|  79|0x0000000709e00000, 0x0000000709e00000, 0x000000070a000000|  0%| F|  |TAMS 0x0000000709e00000, 0x0000000709e00000| Untracked 
|  80|0x000000070a000000, 0x000000070a000000, 0x000000070a200000|  0%| F|  |TAMS 0x000000070a000000, 0x000000070a000000| Untracked 
|  81|0x000000070a200000, 0x000000070a200000, 0x000000070a400000|  0%| F|  |TAMS 0x000000070a200000, 0x000000070a200000| Untracked 
|  82|0x000000070a400000, 0x000000070a400000, 0x000000070a600000|  0%| F|  |TAMS 0x000000070a400000, 0x000000070a400000| Untracked 
|  83|0x000000070a600000, 0x000000070a600000, 0x000000070a800000|  0%| F|  |TAMS 0x000000070a600000, 0x000000070a600000| Untracked 
|  84|0x000000070a800000, 0x000000070a800000, 0x000000070aa00000|  0%| F|  |TAMS 0x000000070a800000, 0x000000070a800000| Untracked 
|  85|0x000000070aa00000, 0x000000070aa00000, 0x000000070ac00000|  0%| F|  |TAMS 0x000000070aa00000, 0x000000070aa00000| Untracked 
|  86|0x000000070ac00000, 0x000000070ac00000, 0x000000070ae00000|  0%| F|  |TAMS 0x000000070ac00000, 0x000000070ac00000| Untracked 
|  87|0x000000070ae00000, 0x000000070ae00000, 0x000000070b000000|  0%| F|  |TAMS 0x000000070ae00000, 0x000000070ae00000| Untracked 
|  88|0x000000070b000000, 0x000000070b000000, 0x000000070b200000|  0%| F|  |TAMS 0x000000070b000000, 0x000000070b000000| Untracked 
|  89|0x000000070b200000, 0x000000070b200000, 0x000000070b400000|  0%| F|  |TAMS 0x000000070b200000, 0x000000070b200000| Untracked 
|  90|0x000000070b400000, 0x000000070b400000, 0x000000070b600000|  0%| F|  |TAMS 0x000000070b400000, 0x000000070b400000| Untracked 
|  91|0x000000070b600000, 0x000000070b600000, 0x000000070b800000|  0%| F|  |TAMS 0x000000070b600000, 0x000000070b600000| Untracked 
|  92|0x000000070b800000, 0x000000070b800000, 0x000000070ba00000|  0%| F|  |TAMS 0x000000070b800000, 0x000000070b800000| Untracked 
|  93|0x000000070ba00000, 0x000000070ba00000, 0x000000070bc00000|  0%| F|  |TAMS 0x000000070ba00000, 0x000000070ba00000| Untracked 
|  94|0x000000070bc00000, 0x000000070bc00000, 0x000000070be00000|  0%| F|  |TAMS 0x000000070bc00000, 0x000000070bc00000| Untracked 
|  95|0x000000070be00000, 0x000000070be00000, 0x000000070c000000|  0%| F|  |TAMS 0x000000070be00000, 0x000000070be00000| Untracked 
|  96|0x000000070c000000, 0x000000070c000000, 0x000000070c200000|  0%| F|  |TAMS 0x000000070c000000, 0x000000070c000000| Untracked 
|  97|0x000000070c200000, 0x000000070c200000, 0x000000070c400000|  0%| F|  |TAMS 0x000000070c200000, 0x000000070c200000| Untracked 
|  98|0x000000070c400000, 0x000000070c400000, 0x000000070c600000|  0%| F|  |TAMS 0x000000070c400000, 0x000000070c400000| Untracked 
|  99|0x000000070c600000, 0x000000070c600000, 0x000000070c800000|  0%| F|  |TAMS 0x000000070c600000, 0x000000070c600000| Untracked 
| 100|0x000000070c800000, 0x000000070c800000, 0x000000070ca00000|  0%| F|  |TAMS 0x000000070c800000, 0x000000070c800000| Untracked 
| 101|0x000000070ca00000, 0x000000070ca00000, 0x000000070cc00000|  0%| F|  |TAMS 0x000000070ca00000, 0x000000070ca00000| Untracked 
| 102|0x000000070cc00000, 0x000000070cc00000, 0x000000070ce00000|  0%| F|  |TAMS 0x000000070cc00000, 0x000000070cc00000| Untracked 
| 103|0x000000070ce00000, 0x000000070ce00000, 0x000000070d000000|  0%| F|  |TAMS 0x000000070ce00000, 0x000000070ce00000| Untracked 
| 104|0x000000070d000000, 0x000000070d000000, 0x000000070d200000|  0%| F|  |TAMS 0x000000070d000000, 0x000000070d000000| Untracked 
| 105|0x000000070d200000, 0x000000070d200000, 0x000000070d400000|  0%| F|  |TAMS 0x000000070d200000, 0x000000070d200000| Untracked 
| 106|0x000000070d400000, 0x000000070d400000, 0x000000070d600000|  0%| F|  |TAMS 0x000000070d400000, 0x000000070d400000| Untracked 
| 107|0x000000070d600000, 0x000000070d600000, 0x000000070d800000|  0%| F|  |TAMS 0x000000070d600000, 0x000000070d600000| Untracked 
| 108|0x000000070d800000, 0x000000070d800000, 0x000000070da00000|  0%| F|  |TAMS 0x000000070d800000, 0x000000070d800000| Untracked 
| 109|0x000000070da00000, 0x000000070da00000, 0x000000070dc00000|  0%| F|  |TAMS 0x000000070da00000, 0x000000070da00000| Untracked 
| 110|0x000000070dc00000, 0x000000070dc00000, 0x000000070de00000|  0%| F|  |TAMS 0x000000070dc00000, 0x000000070dc00000| Untracked 
| 111|0x000000070de00000, 0x000000070de00000, 0x000000070e000000|  0%| F|  |TAMS 0x000000070de00000, 0x000000070de00000| Untracked 
| 112|0x000000070e000000, 0x000000070e000000, 0x000000070e200000|  0%| F|  |TAMS 0x000000070e000000, 0x000000070e000000| Untracked 
| 113|0x000000070e200000, 0x000000070e200000, 0x000000070e400000|  0%| F|  |TAMS 0x000000070e200000, 0x000000070e200000| Untracked 
| 114|0x000000070e400000, 0x000000070e400000, 0x000000070e600000|  0%| F|  |TAMS 0x000000070e400000, 0x000000070e400000| Untracked 
| 115|0x000000070e600000, 0x000000070e600000, 0x000000070e800000|  0%| F|  |TAMS 0x000000070e600000, 0x000000070e600000| Untracked 
| 116|0x000000070e800000, 0x000000070e800000, 0x000000070ea00000|  0%| F|  |TAMS 0x000000070e800000, 0x000000070e800000| Untracked 
| 117|0x000000070ea00000, 0x000000070ea00000, 0x000000070ec00000|  0%| F|  |TAMS 0x000000070ea00000, 0x000000070ea00000| Untracked 
| 118|0x000000070ec00000, 0x000000070ec00000, 0x000000070ee00000|  0%| F|  |TAMS 0x000000070ec00000, 0x000000070ec00000| Untracked 
| 119|0x000000070ee00000, 0x000000070ee00000, 0x000000070f000000|  0%| F|  |TAMS 0x000000070ee00000, 0x000000070ee00000| Untracked 
| 120|0x000000070f000000, 0x000000070f000000, 0x000000070f200000|  0%| F|  |TAMS 0x000000070f000000, 0x000000070f000000| Untracked 
| 121|0x000000070f200000, 0x000000070f3550d8, 0x000000070f400000| 66%| S|CS|TAMS 0x000000070f200000, 0x000000070f200000| Complete 
| 122|0x000000070f400000, 0x000000070f400000, 0x000000070f600000|  0%| F|  |TAMS 0x000000070f400000, 0x000000070f400000| Untracked 
| 123|0x000000070f600000, 0x000000070f600000, 0x000000070f800000|  0%| F|  |TAMS 0x000000070f600000, 0x000000070f600000| Untracked 
| 124|0x000000070f800000, 0x000000070f800000, 0x000000070fa00000|  0%| F|  |TAMS 0x000000070f800000, 0x000000070f800000| Untracked 
| 125|0x000000070fa00000, 0x000000070fa00000, 0x000000070fc00000|  0%| F|  |TAMS 0x000000070fa00000, 0x000000070fa00000| Untracked 
| 126|0x000000070fc00000, 0x000000070fc00000, 0x000000070fe00000|  0%| F|  |TAMS 0x000000070fc00000, 0x000000070fc00000| Untracked 
| 127|0x000000070fe00000, 0x000000070ff9b4e8, 0x0000000710000000| 80%| E|  |TAMS 0x000000070fe00000, 0x000000070fe00000| Complete 
|2046|0x00000007ffc00000, 0x00000007ffd76000, 0x00000007ffe00000| 73%|OA|  |TAMS 0x00000007ffc00000, 0x00000007ffc00000| Untracked 
|2047|0x00000007ffe00000, 0x00000007ffe7f000, 0x0000000800000000| 24%|CA|  |TAMS 0x00000007ffe00000, 0x00000007ffe00000| Untracked 

Card table byte_map: [0x000000010a00b000,0x000000010a80b000] _byte_map_base: 0x000000010680b000

Marking Bits (Prev, Next): (CMBitMap*) 0x00007fd12402cc10, (CMBitMap*) 0x00007fd12402cc50
 Prev Bits: [0x000000011d8f7000, 0x00000001218f7000)
 Next Bits: [0x00000001218f7000, 0x00000001258f7000)

Polling page: 0x0000000100823000

Metaspace:

Usage:
  Non-class:      2.50 MB used.
      Class:    320.91 KB used.
       Both:      2.82 MB used.

Virtual space:
  Non-class space:        8.00 MB reserved,       2.62 MB ( 33%) committed,  1 nodes.
      Class space:        1.00 GB reserved,     448.00 KB ( <1%) committed,  1 nodes.
             Both:        1.01 GB reserved,       3.06 MB ( <1%) committed. 

Chunk freelists:
   Non-Class:  2.86 MB
       Class:  3.55 MB
        Both:  6.41 MB

MaxMetaspaceSize: unlimited
CompressedClassSpaceSize: 1.00 GB
Initial GC threshold: 21.00 MB
Current GC threshold: 21.00 MB
CDS: on
MetaspaceReclaimPolicy: balanced
 - commit_granule_bytes: 65536.
 - commit_granule_words: 8192.
 - virtual_space_node_default_size: 1048576.
 - enlarge_chunks_in_place: 1.
 - new_chunks_are_fully_committed: 0.
 - uncommit_free_chunks: 1.
 - use_allocation_guard: 0.
 - handle_deallocations: 1.


Internal statistics:

num_allocs_failed_limit: 0.
num_arena_births: 78.
num_arena_deaths: 0.
num_vsnodes_births: 2.
num_vsnodes_deaths: 0.
num_space_committed: 49.
num_space_uncommitted: 0.
num_chunks_returned_to_freelist: 0.
num_chunks_taken_from_freelist: 154.
num_chunk_merges: 0.
num_chunk_splits: 100.
num_chunks_enlarged: 66.
num_purges: 0.
num_inconsistent_stats: 0.

CodeHeap 'non-profiled nmethods': size=120032Kb used=243Kb max_used=243Kb free=119788Kb
 bounds [0x00000001163bf000, 0x000000011662f000, 0x000000011d8f7000]
CodeHeap 'profiled nmethods': size=120028Kb used=927Kb max_used=927Kb free=119100Kb
 bounds [0x000000010ee88000, 0x000000010f0f8000, 0x00000001163bf000]
CodeHeap 'non-nmethods': size=5700Kb used=1173Kb max_used=1189Kb free=4526Kb
 bounds [0x000000010e8f7000, 0x000000010eb67000, 0x000000010ee88000]
 total_blobs=1141 nmethods=668 adapters=387
 compilation: enabled
              stopped_count=0, restarted_count=0
 full_count=0

Compilation events (20 events):
Event: 0.735 Thread 0x00007fd124814000  657       3       java.lang.String::toLowerCase (8 bytes)
Event: 0.735 Thread 0x00007fd124814000 nmethod 657 0x000000010ef6be90 code [0x000000010ef6c080, 0x000000010ef6c3f0]
Event: 0.735 Thread 0x00007fd124814000  656       3       java.util.Locale::getDefault (4 bytes)
Event: 0.735 Thread 0x00007fd124814000 nmethod 656 0x000000010ef6c510 code [0x000000010ef6c6a0, 0x000000010ef6c790]
Event: 0.736 Thread 0x00007fd124814000  658       3       jdk.internal.org.objectweb.asm.MethodVisitor::<init> (88 bytes)
Event: 0.737 Thread 0x00007fd124814000 nmethod 658 0x000000010ef6c810 code [0x000000010ef6ca60, 0x000000010ef6d340]
Event: 0.738 Thread 0x00007fd124814000  659       3       java.lang.invoke.MethodHandleNatives::refKindIsMethod (19 bytes)
Event: 0.739 Thread 0x00007fd124814000 nmethod 659 0x000000010ef6d610 code [0x000000010ef6d7c0, 0x000000010ef6da10]
Event: 0.739 Thread 0x00007fd124814000  660       3       java.lang.invoke.MethodHandleNatives::refKindHasReceiver (33 bytes)
Event: 0.739 Thread 0x00007fd124814000 nmethod 660 0x000000010ef6da90 code [0x000000010ef6dc20, 0x000000010ef6dd70]
Event: 0.740 Thread 0x00007fd12300d200  661       4       java.lang.String::replace (42 bytes)
Event: 0.756 Thread 0x00007fd12300d200 nmethod 661 0x00000001163faa10 code [0x00000001163fabc0, 0x00000001163fb158]
Event: 0.818 Thread 0x00007fd124814000  663       3       java.lang.Integer::stringSize (47 bytes)
Event: 0.818 Thread 0x00007fd124814000 nmethod 663 0x000000010ef6de10 code [0x000000010ef6dfc0, 0x000000010ef6e210]
Event: 0.818 Thread 0x00007fd124814000  664       3       java.lang.invoke.MethodType::toMethodDescriptorString (28 bytes)
Event: 0.819 Thread 0x00007fd124814000 nmethod 664 0x000000010ef6e310 code [0x000000010ef6e4c0, 0x000000010ef6e6a0]
Event: 0.819 Thread 0x00007fd124814000  662       3       java.util.ArrayDeque::poll (5 bytes)
Event: 0.819 Thread 0x00007fd124814000 nmethod 662 0x000000010ef6e790 code [0x000000010ef6e940, 0x000000010ef6ea80]
Event: 0.974 Thread 0x00007fd124814000  665       3       jdk.internal.org.objectweb.asm.AnnotationWriter::putAnnotations (67 bytes)
Event: 0.977 Thread 0x00007fd1240e8800  668       4       java.lang.AbstractStringBuilder::ensureCapacityInternal (39 bytes)

GC Heap History (2 events):
Event: 0.715 GC heap before
{Heap before GC invocations=0 (full 0):
 garbage-first heap   total 266240K, used 12244K [0x0000000700000000, 0x0000000800000000)
  region size 2048K, 6 young (12288K), 0 survivors (0K)
 Metaspace       used 2569K, committed 2752K, reserved 1056768K
  class space    used 288K, committed 384K, reserved 1048576K
}
Event: 0.720 GC heap after
{Heap after GC invocations=1 (full 0):
 garbage-first heap   total 266240K, used 3368K [0x0000000700000000, 0x0000000800000000)
  region size 2048K, 1 young (2048K), 1 survivors (2048K)
 Metaspace       used 2569K, committed 2752K, reserved 1056768K
  class space    used 288K, committed 384K, reserved 1048576K
}

Deoptimization events (20 events):
Event: 0.503 Thread 0x00007fd124009600 DEOPT PACKING pc=0x00000001163d2ef4 sp=0x0000700001646310
Event: 0.503 Thread 0x00007fd124009600 DEOPT UNPACKING pc=0x000000010e949099 sp=0x0000700001646270 mode 2
Event: 0.503 Thread 0x00007fd124009600 Uncommon trap: trap_request=0xffffffe5 fr.pc=0x00000001163d5d7c relative=0x000000000000015c
Event: 0.503 Thread 0x00007fd124009600 Uncommon trap: reason=range_check action=reinterpret pc=0x00000001163d5d7c method=java.lang.StringLatin1.indexOf([BII)I @ 13 c2
Event: 0.503 Thread 0x00007fd124009600 DEOPT PACKING pc=0x00000001163d5d7c sp=0x00007000016462c0
Event: 0.503 Thread 0x00007fd124009600 DEOPT UNPACKING pc=0x000000010e949099 sp=0x0000700001646270 mode 2
Event: 0.504 Thread 0x00007fd124009600 Uncommon trap: trap_request=0xffffff45 fr.pc=0x00000001163d2370 relative=0x00000000000003d0
Event: 0.504 Thread 0x00007fd124009600 Uncommon trap: reason=unstable_if action=reinterpret pc=0x00000001163d2370 method=java.lang.StringLatin1.newString([BII)Ljava/lang/String; @ 1 c2
Event: 0.504 Thread 0x00007fd124009600 DEOPT PACKING pc=0x00000001163d2370 sp=0x0000700001646290
Event: 0.504 Thread 0x00007fd124009600 DEOPT UNPACKING pc=0x000000010e949099 sp=0x0000700001646270 mode 2
Event: 0.516 Thread 0x00007fd124009600 Uncommon trap: trap_request=0xfffffff4 fr.pc=0x00000001163d19c8 relative=0x00000000000001a8
Event: 0.516 Thread 0x00007fd124009600 Uncommon trap: reason=null_check action=make_not_entrant pc=0x00000001163d19c8 method=java.lang.String.equals(Ljava/lang/Object;)Z @ 8 c2
Event: 0.516 Thread 0x00007fd124009600 DEOPT PACKING pc=0x00000001163d19c8 sp=0x0000700001645670
Event: 0.516 Thread 0x00007fd124009600 DEOPT UNPACKING pc=0x000000010e949099 sp=0x0000700001645638 mode 2
Event: 0.517 Thread 0x00007fd124009600 Uncommon trap: trap_request=0xffffff45 fr.pc=0x00000001163cdcb4 relative=0x0000000000000194
Event: 0.517 Thread 0x00007fd124009600 Uncommon trap: reason=unstable_if action=reinterpret pc=0x00000001163cdcb4 method=java.lang.String.startsWith(Ljava/lang/String;I)Z @ 1 c2
Event: 0.517 Thread 0x00007fd124009600 DEOPT PACKING pc=0x00000001163cdcb4 sp=0x0000700001645a70
Event: 0.517 Thread 0x00007fd124009600 DEOPT UNPACKING pc=0x000000010e949099 sp=0x00007000016459f8 mode 2
Event: 0.554 Thread 0x00007fd124009600 DEOPT PACKING pc=0x000000010ee95ece sp=0x0000700001645310
Event: 0.554 Thread 0x00007fd124009600 DEOPT UNPACKING pc=0x000000010e94982f sp=0x00007000016447a8 mode 0

Classes unloaded (0 events):
No events

Classes redefined (0 events):
No events

Internal exceptions (15 events):
Event: 0.394 Thread 0x00007fd124009600 Exception <a 'java/lang/NoSuchMethodError'{0x000000070fcd10c8}: 'void java.lang.invoke.DirectMethodHandle$Holder.invokeVirtual(java.lang.Object, java.lang.Object)'> (0x000000070fcd10c8) 
thrown [open/src/hotspot/share/interpreter/linkResolver.cpp, line 766]
Event: 0.419 Thread 0x00007fd124009600 Exception <a 'java/lang/NoSuchMethodError'{0x000000070fd156f8}: 'void java.lang.invoke.DirectMethodHandle$Holder.invokeSpecial(java.lang.Object, java.lang.Object, java.lang.Object)'> (0x000000070fd156f8) 
thrown [open/src/hotspot/share/interpreter/linkResolver.cpp, line 766]
Event: 0.463 Thread 0x00007fd124009600 Exception <a 'java/lang/NoSuchMethodError'{0x000000070f882bd0}: 'void java.lang.invoke.DirectMethodHandle$Holder.invokeSpecial(java.lang.Object, java.lang.Object, java.lang.Object, java.lang.Object, java.lang.Object)'> (0x000000070f882bd0) 
thrown [open/src/hotspot/share/interpreter/linkResolver.cpp, line 766]
Event: 0.481 Thread 0x00007fd124009600 Exception <a 'java/lang/NoSuchMethodError'{0x000000070f8992e8}: 'java.lang.Object java.lang.invoke.DirectMethodHandle$Holder.invokeInterface(java.lang.Object, java.lang.Object)'> (0x000000070f8992e8) 
thrown [open/src/hotspot/share/interpreter/linkResolver.cpp, line 766]
Event: 0.482 Thread 0x00007fd124009600 Exception <a 'java/lang/IncompatibleClassChangeError'{0x000000070f89c960}: Found class java.lang.Object, but interface was expected> (0x000000070f89c960) 
thrown [open/src/hotspot/share/interpreter/linkResolver.cpp, line 833]
Event: 0.483 Thread 0x00007fd124009600 Exception <a 'java/lang/NoSuchMethodError'{0x000000070f89f728}: 'void java.lang.invoke.DirectMethodHandle$Holder.invokeStatic(java.lang.Object, java.lang.Object, java.lang.Object, java.lang.Object)'> (0x000000070f89f728) 
thrown [open/src/hotspot/share/interpreter/linkResolver.cpp, line 766]
Event: 0.516 Thread 0x00007fd124009600 Implicit null exception at 0x00000001163d1855 to 0x00000001163d19b8
Event: 0.534 Thread 0x00007fd122812e00 Exception <a 'java/lang/NoSuchMethodError'{0x000000070f9764b8}: 'java.lang.Object java.lang.invoke.DirectMethodHandle$Holder.invokeStaticInit(java.lang.Object)'> (0x000000070f9764b8) 
thrown [open/src/hotspot/share/interpreter/linkResolver.cpp, line 766]
Event: 0.538 Thread 0x00007fd122812e00 Exception <a 'java/lang/ClassNotFoundException'{0x000000070f9813d8}: jdk/net/ExtendedSocketOptions> (0x000000070f9813d8) 
thrown [open/src/hotspot/share/classfile/systemDictionary.cpp, line 256]
Event: 0.543 Thread 0x00007fd122812e00 Exception <a 'java/lang/NoSuchMethodError'{0x000000070f982c30}: 'void java.lang.invoke.DirectMethodHandle$Holder.invokeStatic(java.lang.Object, java.lang.Object)'> (0x000000070f982c30) 
thrown [open/src/hotspot/share/interpreter/linkResolver.cpp, line 766]
Event: 0.629 Thread 0x00007fd124009600 Exception <a 'java/lang/NoSuchMethodError'{0x000000070f4dad78}: 'void java.lang.invoke.DirectMethodHandle$Holder.invokeStatic(java.lang.Object, java.lang.Object, java.lang.Object)'> (0x000000070f4dad78) 
thrown [open/src/hotspot/share/interpreter/linkResolver.cpp, line 766]
Event: 0.715 Thread 0x00007fd124009600 Exception <a 'java/lang/NoSuchMethodError'{0x000000070f4f7590}: 'int java.lang.invoke.DirectMethodHandle$Holder.invokeStaticInit(java.lang.Object, java.lang.Object, java.lang.Object)'> (0x000000070f4f7590) 
thrown [open/src/hotspot/share/interpreter/linkResolver.cpp, line 766]
Event: 0.974 Thread 0x00007fd1248dcc00 Exception <a 'java/lang/ClassCastException'{0x000000070ff46ae0}> (0x000000070ff46ae0) 
thrown [open/src/hotspot/share/runtime/sharedRuntime.cpp, line 628]
Event: 0.974 Thread 0x00007fd1248dcc00 Exception <a 'java/lang/BootstrapMethodError'{0x000000070ff46db0}> (0x000000070ff46db0) 
thrown [open/src/hotspot/share/utilities/exceptions.cpp, line 452]
Event: 0.974 Thread 0x00007fd1248dcc00 Exception <a 'java/lang/BootstrapMethodError'{0x000000070ff46db0}> (0x000000070ff46db0) 
thrown [open/src/hotspot/share/oops/instanceKlass.cpp, line 1163]

VM Operations (8 events):
Event: 0.296 Executing VM operation: HandshakeAllThreads
Event: 0.296 Executing VM operation: HandshakeAllThreads done
Event: 0.474 Executing VM operation: HandshakeAllThreads
Event: 0.474 Executing VM operation: HandshakeAllThreads done
Event: 0.531 Executing VM operation: HandshakeAllThreads
Event: 0.532 Executing VM operation: HandshakeAllThreads done
Event: 0.715 Executing VM operation: G1CollectForAllocation
Event: 0.720 Executing VM operation: G1CollectForAllocation done

Events (20 events):
Event: 0.739 loading class java/util/concurrent/LinkedBlockingDeque
Event: 0.739 loading class java/util/concurrent/LinkedBlockingDeque done
Event: 0.740 Thread 0x00007fd1229bc000 Thread added: 0x00007fd1229bc000
Event: 0.740 Protecting memory [0x0000700002e95000,0x0000700002e99000] with protection modes 0
Event: 0.741 Protecting memory [0x00007ff7bf004000,0x00007ff7bf008000] with protection modes 0
Event: 0.741 Thread 0x00007fd1248dcc00 Thread added: 0x00007fd1248dcc00
Event: 0.819 Thread 0x00007fd1248fd800 Thread added: 0x00007fd1248fd800
Event: 0.821 Protecting memory [0x0000700002f98000,0x0000700002f9c000] with protection modes 0
Event: 0.972 Protecting memory [0x000070000267d000,0x0000700002681000] with protection modes 3
Event: 0.972 Thread 0x00007fd12300d200 Thread exited: 0x00007fd12300d200
Event: 0.972 loading class java/util/concurrent/LinkedBlockingDeque$Node
Event: 0.972 loading class java/util/concurrent/LinkedBlockingDeque$Node done
Event: 0.972 Protecting memory [0x0000700002f98000,0x0000700002f9c000] with protection modes 3
Event: 0.973 Thread 0x00007fd1248fd800 Thread exited: 0x00007fd1248fd800
Event: 0.974 loading class java/lang/Throwable$WrappedPrintStream
Event: 0.974 loading class java/lang/Throwable$PrintStreamOrWriter
Event: 0.974 loading class java/lang/Throwable$PrintStreamOrWriter done
Event: 0.974 loading class java/lang/Throwable$WrappedPrintStream done
Event: 0.975 loading class java/lang/StackTraceElement$HashedModules
Event: 0.975 loading class java/lang/StackTraceElement$HashedModules done


Dynamic libraries:
0x0000000100825000 	/Library/Java/JavaVirtualMachines/jdk-17.0.2.jdk/Contents/Home/lib/libjli.dylib
0x00007ff8298d7000 	/usr/lib/libz.1.dylib
0x00007ff8299b7000 	/usr/lib/libSystem.B.dylib
0x00007ff8299b2000 	/usr/lib/system/libcache.dylib
0x00007ff82996e000 	/usr/lib/system/libcommonCrypto.dylib
0x00007ff829997000 	/usr/lib/system/libcompiler_rt.dylib
0x00007ff82998d000 	/usr/lib/system/libcopyfile.dylib
0x00007ff81e9c5000 	/usr/lib/system/libcorecrypto.dylib
0x00007ff81ea84000 	/usr/lib/system/libdispatch.dylib
0x00007ff81ec43000 	/usr/lib/system/libdyld.dylib
0x00007ff8299a9000 	/usr/lib/system/libkeymgr.dylib
0x00007ff82994c000 	/usr/lib/system/libmacho.dylib
0x00007ff828fd8000 	/usr/lib/system/libquarantine.dylib
0x00007ff8299a7000 	/usr/lib/system/libremovefile.dylib
0x00007ff823baa000 	/usr/lib/system/libsystem_asl.dylib
0x00007ff81e973000 	/usr/lib/system/libsystem_blocks.dylib
0x00007ff81eb08000 	/usr/lib/system/libsystem_c.dylib
0x00007ff82999f000 	/usr/lib/system/libsystem_collections.dylib
0x00007ff828280000 	/usr/lib/system/libsystem_configuration.dylib
0x00007ff82753d000 	/usr/lib/system/libsystem_containermanager.dylib
0x00007ff829689000 	/usr/lib/system/libsystem_coreservices.dylib
0x00007ff82126d000 	/usr/lib/system/libsystem_darwin.dylib
0x00007ff8299aa000 	/usr/lib/system/libsystem_dnssd.dylib
0x00007ff81eb05000 	/usr/lib/system/libsystem_featureflags.dylib
0x00007ff81ec59000 	/usr/lib/system/libsystem_info.dylib
0x00007ff8298ea000 	/usr/lib/system/libsystem_m.dylib
0x00007ff81ea58000 	/usr/lib/system/libsystem_malloc.dylib
0x00007ff823b47000 	/usr/lib/system/libsystem_networkextension.dylib
0x00007ff821695000 	/usr/lib/system/libsystem_notify.dylib
0x00007ff82fb27000 	/usr/lib/system/libsystem_product_info_filter.dylib
0x00007ff828284000 	/usr/lib/system/libsystem_sandbox.dylib
0x00007ff8299a4000 	/usr/lib/system/libsystem_secinit.dylib
0x00007ff81ec00000 	/usr/lib/system/libsystem_kernel.dylib
0x00007ff81ec4f000 	/usr/lib/system/libsystem_platform.dylib
0x00007ff81ec37000 	/usr/lib/system/libsystem_pthread.dylib
0x00007ff825402000 	/usr/lib/system/libsystem_symptoms.dylib
0x00007ff81e9ac000 	/usr/lib/system/libsystem_trace.dylib
0x00007ff82997a000 	/usr/lib/system/libunwind.dylib
0x00007ff81e975000 	/usr/lib/system/libxpc.dylib
0x00007ff81ebea000 	/usr/lib/libc++abi.dylib
0x00007ff81eacb000 	/usr/lib/libobjc.A.dylib
0x00007ff829985000 	/usr/lib/liboah.dylib
0x00007ff81eb91000 	/usr/lib/libc++.1.dylib
0x00007ff835882000 	/System/Library/Frameworks/Cocoa.framework/Versions/A/Cocoa
0x00007ff8216f3000 	/System/Library/Frameworks/AppKit.framework/Versions/C/AppKit
0x00007ff824bef000 	/System/Library/Frameworks/CoreData.framework/Versions/A/CoreData
0x00007ff81fb0a000 	/System/Library/Frameworks/Foundation.framework/Versions/C/Foundation
0x00007ff822585000 	/System/Library/PrivateFrameworks/UIFoundation.framework/Versions/A/UIFoundation
0x00007ff82f82e000 	/System/Library/PrivateFrameworks/RemoteViewServices.framework/Versions/A/RemoteViewServices
0x00007ff827c19000 	/System/Library/PrivateFrameworks/XCTTargetBootstrap.framework/Versions/A/XCTTargetBootstrap
0x00007ff82b7c7000 	/System/Library/PrivateFrameworks/InternationalSupport.framework/Versions/A/InternationalSupport
0x00007ff82b851000 	/System/Library/PrivateFrameworks/UserActivity.framework/Versions/A/UserActivity
0x00007ff82aba7000 	/usr/lib/libspindump.dylib
0x00007ff822813000 	/System/Library/Frameworks/UniformTypeIdentifiers.framework/Versions/A/UniformTypeIdentifiers
0x00007ff826352000 	/usr/lib/libapp_launch_measurement.dylib
0x00007ff8255bb000 	/System/Library/PrivateFrameworks/CoreAnalytics.framework/Versions/A/CoreAnalytics
0x00007ff826355000 	/System/Library/PrivateFrameworks/CoreAutoLayout.framework/Versions/A/CoreAutoLayout
0x00007ff827575000 	/System/Library/Frameworks/Metal.framework/Versions/A/Metal
0x00007ff82828f000 	/usr/lib/liblangid.dylib
0x00007ff827c1d000 	/System/Library/PrivateFrameworks/CoreSVG.framework/Versions/A/CoreSVG
0x00007ff823bda000 	/System/Library/PrivateFrameworks/SkyLight.framework/Versions/A/SkyLight
0x00007ff823f70000 	/System/Library/Frameworks/CoreGraphics.framework/Versions/A/CoreGraphics
0x00007ff82fe9d000 	/System/Library/Frameworks/Accelerate.framework/Versions/A/Accelerate
0x00007ff82a622000 	/System/Library/PrivateFrameworks/IconServices.framework/Versions/A/IconServices
0x00007ff82755a000 	/System/Library/Frameworks/IOSurface.framework/Versions/A/IOSurface
0x00007ff8255e9000 	/usr/lib/libDiagnosticMessagesClient.dylib
0x00007ff83350e000 	/System/Library/Frameworks/ApplicationServices.framework/Versions/A/ApplicationServices
0x00007ff827c05000 	/System/Library/PrivateFrameworks/DFRFoundation.framework/Versions/A/DFRFoundation
0x00007ff820fe4000 	/usr/lib/libicucore.A.dylib
0x00007ff82c4ec000 	/System/Library/Frameworks/AudioToolbox.framework/Versions/A/AudioToolbox
0x00007ff82b7d3000 	/System/Library/PrivateFrameworks/DataDetectorsCore.framework/Versions/A/DataDetectorsCore
0x00007ff92712b000 	/System/Library/PrivateFrameworks/TextInput.framework/Versions/A/TextInput
0x00007ff823b5e000 	/usr/lib/libMobileGestalt.dylib
0x00007ff82790d000 	/System/Library/Frameworks/Carbon.framework/Versions/A/Frameworks/HIToolbox.framework/Versions/A/HIToolbox
0x00007ff825d7f000 	/System/Library/Frameworks/QuartzCore.framework/Versions/A/QuartzCore
0x00007ff820c84000 	/System/Library/Frameworks/Security.framework/Versions/A/Security
0x00007ff82f866000 	/System/Library/Frameworks/Carbon.framework/Versions/A/Frameworks/SpeechRecognition.framework/Versions/A/SpeechRecognition
0x00007ff8260b2000 	/System/Library/PrivateFrameworks/CoreUI.framework/Versions/A/CoreUI
0x00007ff82055c000 	/System/Library/Frameworks/CoreAudio.framework/Versions/A/CoreAudio
0x00007ff8256d7000 	/System/Library/Frameworks/DiskArbitration.framework/Versions/A/DiskArbitration
0x00007ff82af8e000 	/System/Library/PrivateFrameworks/MultitouchSupport.framework/Versions/A/MultitouchSupport
0x00007ff823b5d000 	/usr/lib/libenergytrace.dylib
0x00007ff8215df000 	/System/Library/Frameworks/IOKit.framework/Versions/A/IOKit
0x00007ff82fc52000 	/System/Library/Frameworks/CoreServices.framework/Versions/A/CoreServices
0x00007ff8262ec000 	/System/Library/PrivateFrameworks/PerformanceAnalysis.framework/Versions/A/PerformanceAnalysis
0x00007ffa368fb000 	/System/Library/Frameworks/OpenGL.framework/Versions/A/OpenGL
0x00007ff828f04000 	/System/Library/PrivateFrameworks/MobileKeyBag.framework/Versions/A/MobileKeyBag
0x00007ff82463c000 	/System/Library/Frameworks/ColorSync.framework/Versions/A/ColorSync
0x00007ff81ec84000 	/System/Library/Frameworks/CoreFoundation.framework/Versions/A/CoreFoundation
0x00007ff827e96000 	/System/Library/Frameworks/CoreImage.framework/Versions/A/CoreImage
0x00007ff820372000 	/System/Library/Frameworks/CoreText.framework/Versions/A/CoreText
0x00007ff827c4c000 	/System/Library/Frameworks/ImageIO.framework/Versions/A/ImageIO
0x00007ff8299bd000 	/System/Library/PrivateFrameworks/SoftLinking.framework/Versions/A/SoftLinking
0x00007ff82639d000 	/usr/lib/libxml2.2.dylib
0x00007ff829c41000 	/usr/lib/libcompression.dylib
0x00007ff82b6fd000 	/System/Library/PrivateFrameworks/TextureIO.framework/Versions/A/TextureIO
0x00007ff82a334000 	/usr/lib/libate.dylib
0x00007ff82a112000 	/usr/lib/liblzma.5.dylib
0x00007ff81f81b000 	/System/Library/Frameworks/SystemConfiguration.framework/Versions/A/SystemConfiguration
0x00007ff8299b9000 	/usr/lib/libfakelink.dylib
0x00007ff8236b0000 	/System/Library/Frameworks/CFNetwork.framework/Versions/A/CFNetwork
0x00007ff829af8000 	/usr/lib/libarchive.2.dylib
0x00007ff82828b000 	/System/Library/PrivateFrameworks/AppleSystemInfo.framework/Versions/A/AppleSystemInfo
0x00007ff828fff000 	/usr/lib/libbsm.0.dylib
0x00007ff822ce6000 	/usr/lib/libnetwork.dylib
0x00007ff829952000 	/usr/lib/system/libkxld.dylib
0x00007ff828c2d000 	/System/Library/PrivateFrameworks/IOMobileFramebuffer.framework/Versions/A/IOMobileFramebuffer
0x00007ffb34720000 	/usr/lib/libCoreEntitlements.dylib
0x00007ff82966b000 	/System/Library/PrivateFrameworks/AppleFSCompression.framework/Versions/A/AppleFSCompression
0x00007ff828fe7000 	/usr/lib/libcoretls.dylib
0x00007ff82a12c000 	/usr/lib/libcoretls_cfhelpers.dylib
0x00007ff829c3c000 	/usr/lib/libpam.2.dylib
0x00007ff825024000 	/usr/lib/libsqlite3.dylib
0x00007ff82a19b000 	/usr/lib/libxar.1.dylib
0x00007ff82967b000 	/usr/lib/libbz2.1.0.dylib
0x00007ff8299be000 	/usr/lib/libpcap.A.dylib
0x00007ff8253f9000 	/usr/lib/libdns_services.dylib
0x00007ff829c0b000 	/usr/lib/libapple_nghttp2.dylib
0x00007ff8299f5000 	/usr/lib/libiconv.2.dylib
0x00007ff82994b000 	/usr/lib/libcharset.1.dylib
0x00007ff826320000 	/System/Library/Frameworks/CoreServices.framework/Versions/A/Frameworks/FSEvents.framework/Versions/A/FSEvents
0x00007ff821277000 	/System/Library/Frameworks/CoreServices.framework/Versions/A/Frameworks/CarbonCore.framework/Versions/A/CarbonCore
0x00007ff82563c000 	/System/Library/Frameworks/CoreServices.framework/Versions/A/Frameworks/Metadata.framework/Versions/A/Metadata
0x00007ff82968e000 	/System/Library/Frameworks/CoreServices.framework/Versions/A/Frameworks/OSServices.framework/Versions/A/OSServices
0x00007ff829b7f000 	/System/Library/Frameworks/CoreServices.framework/Versions/A/Frameworks/SearchKit.framework/Versions/A/SearchKit
0x00007ff82538b000 	/System/Library/Frameworks/CoreServices.framework/Versions/A/Frameworks/AE.framework/Versions/A/AE
0x00007ff81f187000 	/System/Library/Frameworks/CoreServices.framework/Versions/A/Frameworks/LaunchServices.framework/Versions/A/LaunchServices
0x00007ff82a0c3000 	/System/Library/Frameworks/CoreServices.framework/Versions/A/Frameworks/DictionaryServices.framework/Versions/A/DictionaryServices
0x00007ff82632d000 	/System/Library/Frameworks/CoreServices.framework/Versions/A/Frameworks/SharedFileList.framework/Versions/A/SharedFileList
0x00007ff828fdb000 	/usr/lib/libCheckFix.dylib
0x00007ff823bc1000 	/System/Library/PrivateFrameworks/TCC.framework/Versions/A/TCC
0x00007ff828291000 	/System/Library/PrivateFrameworks/CoreNLP.framework/Versions/A/CoreNLP
0x00007ff8255ec000 	/System/Library/PrivateFrameworks/MetadataUtilities.framework/Versions/A/MetadataUtilities
0x00007ff81f8cb000 	/usr/lib/libmecabra.dylib
0x00007ff82900f000 	/usr/lib/libmecab.dylib
0x00007ff81f896000 	/usr/lib/libCRFSuite.dylib
0x00007ff82906c000 	/usr/lib/libgermantok.dylib
0x00007ff829be6000 	/usr/lib/libThaiTokenizer.dylib
0x00007ff8256de000 	/System/Library/Frameworks/Accelerate.framework/Versions/A/Frameworks/vImage.framework/Versions/A/vImage
0x00007ff82fc29000 	/System/Library/Frameworks/Accelerate.framework/Versions/A/Frameworks/vecLib.framework/Versions/A/vecLib
0x00007ff82a1dc000 	/System/Library/Frameworks/Accelerate.framework/Versions/A/Frameworks/vecLib.framework/Versions/A/libvMisc.dylib
0x00007ff828a4b000 	/System/Library/Frameworks/Accelerate.framework/Versions/A/Frameworks/vecLib.framework/Versions/A/libvDSP.dylib
0x00007ff81f4ff000 	/System/Library/Frameworks/Accelerate.framework/Versions/A/Frameworks/vecLib.framework/Versions/A/libBLAS.dylib
0x00007ff829d1d000 	/System/Library/Frameworks/Accelerate.framework/Versions/A/Frameworks/vecLib.framework/Versions/A/libLAPACK.dylib
0x00007ff82906f000 	/System/Library/Frameworks/Accelerate.framework/Versions/A/Frameworks/vecLib.framework/Versions/A/libLinearAlgebra.dylib
0x00007ff829c24000 	/System/Library/Frameworks/Accelerate.framework/Versions/A/Frameworks/vecLib.framework/Versions/A/libSparseBLAS.dylib
0x00007ff829d17000 	/System/Library/Frameworks/Accelerate.framework/Versions/A/Frameworks/vecLib.framework/Versions/A/libQuadrature.dylib
0x00007ff82837b000 	/System/Library/Frameworks/Accelerate.framework/Versions/A/Frameworks/vecLib.framework/Versions/A/libBNNS.dylib
0x00007ff81f7ac000 	/System/Library/Frameworks/Accelerate.framework/Versions/A/Frameworks/vecLib.framework/Versions/A/libSparse.dylib
0x00007ff828374000 	/System/Library/PrivateFrameworks/LinguisticData.framework/Versions/A/LinguisticData
0x00007ff81f761000 	/System/Library/PrivateFrameworks/Lexicon.framework/Versions/A/Lexicon
0x00007ff82a1d5000 	/usr/lib/libChineseTokenizer.dylib
0x00007ff81fec5000 	/System/Library/PrivateFrameworks/LanguageModeling.framework/Versions/A/LanguageModeling
0x00007ff829be8000 	/System/Library/PrivateFrameworks/AppleSauce.framework/Versions/A/AppleSauce
0x00007ff828c1b000 	/System/Library/PrivateFrameworks/CoreEmoji.framework/Versions/A/CoreEmoji
0x00007ff829ae7000 	/usr/lib/libcmph.dylib
0x00007ff826304000 	/System/Library/Frameworks/OpenDirectory.framework/Versions/A/Frameworks/CFOpenDirectory.framework/Versions/A/CFOpenDirectory
0x00007ff8262f8000 	/System/Library/Frameworks/OpenDirectory.framework/Versions/A/OpenDirectory
0x00007ff82a12e000 	/System/Library/PrivateFrameworks/APFS.framework/Versions/A/APFS
0x00007ff828f3c000 	/System/Library/Frameworks/SecurityFoundation.framework/Versions/A/SecurityFoundation
0x00007ff82a1a9000 	/usr/lib/libutil.dylib
0x00007ff8215a2000 	/System/Library/PrivateFrameworks/CoreServicesStore.framework/Versions/A/CoreServicesStore
0x00007ff82a1ad000 	/usr/lib/libxslt.1.dylib
0x00007ff828fc9000 	/System/Library/PrivateFrameworks/BackgroundTaskManagement.framework/Versions/A/BackgroundTaskManagement
0x00007ff82b61d000 	/System/Library/Frameworks/ImageIO.framework/Versions/A/Resources/libRadiance.dylib
0x00007ff82b626000 	/System/Library/Frameworks/ImageIO.framework/Versions/A/Resources/libJPEG.dylib
0x00007ff82b576000 	/System/Library/Frameworks/ImageIO.framework/Versions/A/Resources/libPng.dylib
0x00007ff82b597000 	/System/Library/Frameworks/ImageIO.framework/Versions/A/Resources/libTIFF.dylib
0x00007ff82b686000 	/System/Library/Frameworks/ImageIO.framework/Versions/A/Resources/libGIF.dylib
0x00007ff82aea7000 	/System/Library/Frameworks/ImageIO.framework/Versions/A/Resources/libJP2.dylib
0x00007ff82a5e9000 	/usr/lib/libexpat.1.dylib
0x00007ff82ae5c000 	/System/Library/PrivateFrameworks/AppleJPEG.framework/Versions/A/AppleJPEG
0x00007ff8277d0000 	/System/Library/PrivateFrameworks/FontServices.framework/libFontParser.dylib
0x00007ff825335000 	/System/Library/PrivateFrameworks/RunningBoardServices.framework/Versions/A/RunningBoardServices
0x00007ff835dfe000 	/System/Library/PrivateFrameworks/IOSurfaceAccelerator.framework/Versions/A/IOSurfaceAccelerator
0x00007ff82af8a000 	/System/Library/PrivateFrameworks/WatchdogClient.framework/Versions/A/WatchdogClient
0x00007ff81ffb4000 	/System/Library/Frameworks/CoreDisplay.framework/Versions/A/CoreDisplay
0x00007ff8276cf000 	/System/Library/Frameworks/CoreMedia.framework/Versions/A/CoreMedia
0x00007ff82756c000 	/System/Library/PrivateFrameworks/IOAccelerator.framework/Versions/A/IOAccelerator
0x00007ff826480000 	/System/Library/Frameworks/CoreVideo.framework/Versions/A/CoreVideo
0x00007ff829c3a000 	/System/Library/Frameworks/MetalPerformanceShaders.framework/Versions/A/MetalPerformanceShaders
0x00007ff82afc5000 	/System/Library/Frameworks/VideoToolbox.framework/Versions/A/VideoToolbox
0x00007ff82527d000 	/System/Library/PrivateFrameworks/BaseBoard.framework/Versions/A/BaseBoard
0x00007ff82500a000 	/System/Library/PrivateFrameworks/ProtocolBuffer.framework/Versions/A/ProtocolBuffer
0x00007ff82b616000 	/System/Library/PrivateFrameworks/GPUWrangler.framework/Versions/A/GPUWrangler
0x00007ff82b5f9000 	/System/Library/PrivateFrameworks/IOPresentment.framework/Versions/A/IOPresentment
0x00007ff82b620000 	/System/Library/PrivateFrameworks/DSExternalDisplay.framework/Versions/A/DSExternalDisplay
0x00007ffa368ef000 	/System/Library/Frameworks/OpenGL.framework/Versions/A/Libraries/libCoreFSCache.dylib
0x00007ffb22990000 	/System/Library/PrivateFrameworks/GPUCompiler.framework/Versions/31001/Libraries/libGPUCompilerUtils.dylib
0x00007ff82b68b000 	/System/Library/PrivateFrameworks/CMCaptureCore.framework/Versions/A/CMCaptureCore
0x00007ff82ab95000 	/System/Library/PrivateFrameworks/AppServerSupport.framework/Versions/A/AppServerSupport
0x00007ff82cd72000 	/System/Library/PrivateFrameworks/perfdata.framework/Versions/A/perfdata
0x00007ff8200e0000 	/System/Library/PrivateFrameworks/AudioToolboxCore.framework/Versions/A/AudioToolboxCore
0x00007ff8276ac000 	/System/Library/PrivateFrameworks/caulk.framework/Versions/A/caulk
0x00007ff82c696000 	/usr/lib/libAudioStatistics.dylib
0x00007ff9239b9000 	/System/Library/PrivateFrameworks/SystemPolicy.framework/Versions/A/SystemPolicy
0x00007ff82c8eb000 	/usr/lib/libSMC.dylib
0x00007ff835735000 	/System/Library/Frameworks/CoreMIDI.framework/Versions/A/CoreMIDI
0x00007ff82b546000 	/usr/lib/libAudioToolboxUtility.dylib
0x00007ff91fdcb000 	/System/Library/PrivateFrameworks/OSAServicesClient.framework/Versions/A/OSAServicesClient
0x00007ff82cd7f000 	/usr/lib/libperfcheck.dylib
0x00007ff92444b000 	/usr/lib/libmis.dylib
0x00007ffa3694b000 	/System/Library/Frameworks/OpenGL.framework/Versions/A/Libraries/libGLU.dylib
0x00007ffa3690e000 	/System/Library/Frameworks/OpenGL.framework/Versions/A/Libraries/libGFXShared.dylib
0x00007ffa36b1c000 	/System/Library/Frameworks/OpenGL.framework/Versions/A/Libraries/libGL.dylib
0x00007ffa36917000 	/System/Library/Frameworks/OpenGL.framework/Versions/A/Libraries/libGLImage.dylib
0x00007ffa3690b000 	/System/Library/Frameworks/OpenGL.framework/Versions/A/Libraries/libCVMSPluginSupport.dylib
0x00007ffa368f6000 	/System/Library/Frameworks/OpenGL.framework/Versions/A/Libraries/libCoreVMClient.dylib
0x00007ff82820f000 	/System/Library/Frameworks/MetalPerformanceShaders.framework/Versions/A/Frameworks/MPSCore.framework/Versions/A/MPSCore
0x00007ff8295d6000 	/System/Library/Frameworks/MetalPerformanceShaders.framework/Versions/A/Frameworks/MPSImage.framework/Versions/A/MPSImage
0x00007ff829085000 	/System/Library/Frameworks/MetalPerformanceShaders.framework/Versions/A/Frameworks/MPSNeuralNetwork.framework/Versions/A/MPSNeuralNetwork
0x00007ff8294fa000 	/System/Library/Frameworks/MetalPerformanceShaders.framework/Versions/A/Frameworks/MPSMatrix.framework/Versions/A/MPSMatrix
0x00007ff8292b6000 	/System/Library/Frameworks/MetalPerformanceShaders.framework/Versions/A/Frameworks/MPSRayIntersector.framework/Versions/A/MPSRayIntersector
0x00007ff829533000 	/System/Library/Frameworks/MetalPerformanceShaders.framework/Versions/A/Frameworks/MPSNDArray.framework/Versions/A/MPSNDArray
0x00007ffa3b510000 	/System/Library/Frameworks/MetalPerformanceShaders.framework/Versions/A/Frameworks/MPSFunctions.framework/Versions/A/MPSFunctions
0x00007ff81f3e2000 	/System/Library/PrivateFrameworks/MetalTools.framework/Versions/A/MetalTools
0x00007ff828289000 	/System/Library/PrivateFrameworks/AggregateDictionary.framework/Versions/A/AggregateDictionary
0x00007ff82a3cb000 	/usr/lib/libIOReport.dylib
0x00007ffa37f2b000 	/System/Library/Frameworks/OpenCL.framework/Versions/A/OpenCL
0x00007ff82a72f000 	/System/Library/PrivateFrameworks/FaceCore.framework/Versions/A/FaceCore
0x00007ff82a720000 	/System/Library/PrivateFrameworks/GraphVisualizer.framework/Versions/A/GraphVisualizer
0x00007ffb2289b000 	/System/Library/PrivateFrameworks/FontServices.framework/Versions/A/FontServices
0x00007ff82ab4c000 	/System/Library/PrivateFrameworks/OTSVG.framework/Versions/A/OTSVG
0x00007ff826068000 	/System/Library/Frameworks/ApplicationServices.framework/Versions/A/Frameworks/ATS.framework/Versions/A/Resources/libFontRegistry.dylib
0x00007ff82ab9d000 	/System/Library/PrivateFrameworks/FontServices.framework/libhvf.dylib
0x00007ffb2289c000 	/System/Library/PrivateFrameworks/FontServices.framework/libXTFontStaticRegistryData.dylib
0x00007ff82a599000 	/System/Library/PrivateFrameworks/AppleVA.framework/Versions/A/AppleVA
0x00007ff82c6ba000 	/System/Library/Frameworks/ApplicationServices.framework/Versions/A/Frameworks/ATS.framework/Versions/A/ATS
0x00007ff824738000 	/System/Library/Frameworks/ApplicationServices.framework/Versions/A/Frameworks/HIServices.framework/Versions/A/HIServices
0x00007ff82b695000 	/System/Library/Frameworks/ApplicationServices.framework/Versions/A/Frameworks/PrintCore.framework/Versions/A/PrintCore
0x00007ff82ca3e000 	/System/Library/Frameworks/ApplicationServices.framework/Versions/A/Frameworks/QD.framework/Versions/A/QD
0x00007ff82ca36000 	/System/Library/Frameworks/ApplicationServices.framework/Versions/A/Frameworks/ColorSyncLegacy.framework/Versions/A/ColorSyncLegacy
0x00007ff82c6aa000 	/System/Library/Frameworks/ApplicationServices.framework/Versions/A/Frameworks/SpeechSynthesis.framework/Versions/A/SpeechSynthesis
0x00007ff82b656000 	/System/Library/Frameworks/ApplicationServices.framework/Versions/A/Frameworks/ATSUI.framework/Versions/A/ATSUI
0x00007ff82c9cb000 	/usr/lib/libcups.2.dylib
0x00007ff82cd8e000 	/System/Library/Frameworks/Kerberos.framework/Versions/A/Kerberos
0x00007ff82cd9d000 	/System/Library/Frameworks/GSS.framework/Versions/A/GSS
0x00007ff82c726000 	/usr/lib/libresolv.9.dylib
0x00007ff82abac000 	/System/Library/PrivateFrameworks/Heimdal.framework/Versions/A/Heimdal
0x00007ff83388b000 	/System/Library/Frameworks/Kerberos.framework/Versions/A/Libraries/libHeimdalProxy.dylib
0x00007ff82540a000 	/System/Library/Frameworks/Network.framework/Versions/A/Network
0x00007ff82a603000 	/usr/lib/libheimdal-asn1.dylib
0x00007ff82cde9000 	/System/Library/PrivateFrameworks/CommonAuth.framework/Versions/A/CommonAuth
0x00007ff82c627000 	/System/Library/PrivateFrameworks/AudioSession.framework/Versions/A/AudioSession
0x00007ff82a693000 	/System/Library/PrivateFrameworks/MediaExperience.framework/Versions/A/MediaExperience
0x00007ff82c4bb000 	/System/Library/PrivateFrameworks/AudioSession.framework/libSessionUtility.dylib
0x00007ff82ca4a000 	/System/Library/PrivateFrameworks/AudioResourceArbitration.framework/Versions/A/AudioResourceArbitration
0x00007ff830a3c000 	/System/Library/PrivateFrameworks/PowerLog.framework/Versions/A/PowerLog
0x00007ff82a60c000 	/System/Library/PrivateFrameworks/IconFoundation.framework/Versions/A/IconFoundation
0x00007ff82f856000 	/System/Library/PrivateFrameworks/SpeechRecognitionCore.framework/Versions/A/SpeechRecognitionCore
0x000000010184e000 	/Library/Java/JavaVirtualMachines/jdk-17.0.2.jdk/Contents/Home/lib/server/libjvm.dylib
0x0000000100854000 	/Library/Java/JavaVirtualMachines/jdk-17.0.2.jdk/Contents/Home/lib/libjimage.dylib
0x0000000100877000 	/Library/Java/JavaVirtualMachines/jdk-17.0.2.jdk/Contents/Home/lib/libinstrument.dylib
0x00000001008b9000 	/Library/Java/JavaVirtualMachines/jdk-17.0.2.jdk/Contents/Home/lib/libjava.dylib
0x0000000101344000 	/Library/Java/JavaVirtualMachines/jdk-17.0.2.jdk/Contents/Home/lib/libnio.dylib
0x0000000101360000 	/Library/Java/JavaVirtualMachines/jdk-17.0.2.jdk/Contents/Home/lib/libnet.dylib
0x0000000101380000 	/Library/Java/JavaVirtualMachines/jdk-17.0.2.jdk/Contents/Home/lib/libzip.dylib
0x0000000101394000 	/Users/lagol/javafx-sdk-17.0.1/lib/libprism_es2.dylib
0x00007ff821563000 	/System/Library/PrivateFrameworks/CoreServicesInternal.framework/Versions/A/CoreServicesInternal
0x00007ffa36b27000 	/System/Library/Frameworks/OpenGL.framework/Versions/A/Resources/GLEngine.bundle/GLEngine
0x00007ffa36989000 	/System/Library/Frameworks/OpenGL.framework/Versions/A/Libraries/libGLProgrammability.dylib
0x00007ffa2e65b000 	/System/Library/Extensions/AppleIntelBDWGraphicsGLDriver.bundle/Contents/MacOS/AppleIntelBDWGraphicsGLDriver
0x00007ff92e32f000 	/System/Library/PrivateFrameworks/GPUSupport.framework/Versions/A/Libraries/libGPUSupportMercury.dylib
0x00007ffa36cb6000 	/System/Library/Frameworks/OpenGL.framework/Versions/A/Resources/GLRendererFloat.bundle/GLRendererFloat
0x000000010d06c000 	/Users/lagol/javafx-sdk-17.0.1/lib/libglass.dylib
0x00007ff83102d000 	/System/Library/Frameworks/FileProvider.framework/Versions/A/FileProvider
0x00007ff8251e9000 	/System/Library/Frameworks/Accounts.framework/Versions/A/Accounts
0x00007ff8311a5000 	/System/Library/PrivateFrameworks/GenerationalStorage.framework/Versions/A/GenerationalStorage
0x00007ff831cb7000 	/System/Library/PrivateFrameworks/CoreSymbolication.framework/Versions/A/CoreSymbolication
0x00007ff830a31000 	/System/Library/PrivateFrameworks/SymptomDiagnosticReporter.framework/Versions/A/SymptomDiagnosticReporter
0x00007ff822827000 	/System/Library/PrivateFrameworks/DesktopServicesPriv.framework/Versions/A/DesktopServicesPriv
0x00007ff8216a4000 	/usr/lib/libsandbox.1.dylib
0x00007ff8264ff000 	/System/Library/PrivateFrameworks/UserManagement.framework/Versions/A/UserManagement
0x00007ff831c7c000 	/System/Library/PrivateFrameworks/DebugSymbols.framework/Versions/A/DebugSymbols
0x00007ff82ca2b000 	/System/Library/PrivateFrameworks/NetAuth.framework/Versions/A/NetAuth
0x00007ff82d91a000 	/System/Library/PrivateFrameworks/Sharing.framework/Versions/A/Sharing
0x00007ff8264d2000 	/System/Library/PrivateFrameworks/login.framework/Versions/A/Frameworks/loginsupport.framework/Versions/A/loginsupport
0x00007ff832dbd000 	/System/Library/PrivateFrameworks/Apple80211.framework/Versions/A/Apple80211
0x00007ff8296bb000 	/System/Library/PrivateFrameworks/AuthKit.framework/Versions/A/AuthKit
0x00007ff828d11000 	/System/Library/PrivateFrameworks/CoreUtils.framework/Versions/A/CoreUtils
0x00007ff828c38000 	/System/Library/Frameworks/CoreWLAN.framework/Versions/A/CoreWLAN
0x00007ff82da75000 	/System/Library/Frameworks/IOBluetooth.framework/Versions/A/IOBluetooth
0x00007ff832e25000 	/System/Library/PrivateFrameworks/CoreWiFi.framework/Versions/A/CoreWiFi
0x00007ff831851000 	/System/Library/PrivateFrameworks/FrontBoardServices.framework/Versions/A/FrontBoardServices
0x00007ff8318e3000 	/System/Library/PrivateFrameworks/BoardServices.framework/Versions/A/BoardServices
0x00007ff828f2b000 	/System/Library/PrivateFrameworks/AssertionServices.framework/Versions/A/AssertionServices
0x00007ff832fa9000 	/System/Library/PrivateFrameworks/BackBoardServices.framework/Versions/A/BackBoardServices
0x00007ff82ce78000 	/System/Library/PrivateFrameworks/CorePhoneNumbers.framework/Versions/A/CorePhoneNumbers
0x00007ff830b4e000 	/System/Library/PrivateFrameworks/DiskManagement.framework/Versions/A/DiskManagement
0x00007ff830a62000 	/System/Library/PrivateFrameworks/AppleIDAuthSupport.framework/Versions/A/AppleIDAuthSupport
0x00007ffa3d4c9000 	/System/Library/PrivateFrameworks/AAAFoundation.framework/Versions/A/AAAFoundation
0x00007ff82ce59000 	/System/Library/PrivateFrameworks/KeychainCircle.framework/Versions/A/KeychainCircle
0x00007ff830b1a000 	/System/Library/PrivateFrameworks/MediaKit.framework/Versions/A/MediaKit
0x00007ff830a6e000 	/System/Library/Frameworks/DiscRecording.framework/Versions/A/DiscRecording
0x00007ff82a511000 	/usr/lib/libCoreStorage.dylib
0x00007ff833298000 	/usr/lib/libcsfde.dylib
0x00007ff82db42000 	/System/Library/PrivateFrameworks/ProtectedCloudStorage.framework/Versions/A/ProtectedCloudStorage
0x00007ff833294000 	/System/Library/PrivateFrameworks/EFILogin.framework/Versions/A/EFILogin
0x00007ff8311cb000 	/System/Library/PrivateFrameworks/OctagonTrust.framework/Versions/A/OctagonTrust
0x00007ffb21bbd000 	/System/Library/PrivateFrameworks/CoreUtilsExtras.framework/Versions/A/CoreUtilsExtras
0x00007ff8309a4000 	/System/Library/Frameworks/CoreBluetooth.framework/Versions/A/CoreBluetooth
0x00007ff833910000 	/System/Library/Frameworks/AudioUnit.framework/Versions/A/AudioUnit
0x00007ff82a509000 	/usr/lib/libMatch.1.dylib
0x00007ff9288af000 	/System/Library/Frameworks/Accelerate.framework/Versions/A/Frameworks/vImage.framework/Versions/A/Libraries/libCGInterfaces.dylib
0x000000010d3e7000 	/usr/lib/libobjc-trampolines.dylib
0x00007ff8261f8000 	/System/Library/PrivateFrameworks/ViewBridge.framework/Versions/A/ViewBridge
0x00007ffa3db83000 	/System/Library/PrivateFrameworks/AccessibilityBundles.framework/Versions/A/AccessibilityBundles


VM Arguments:
jvm_args: -Djava.library.path=/Users/lagol/javafx-sdk-17.0.1/lib -javaagent:/Applications/IntelliJ IDEA CE.app/Contents/lib/idea_rt.jar=51825:/Applications/IntelliJ IDEA CE.app/Contents/bin -Dfile.encoding=UTF-8 --module-path=/Users/lagol/javafx-sdk-17.0.1/lib/javafx.base.jar:/Users/lagol/.m2/repository/org/apache/commons/commons-math3/3.6.1/commons-math3-3.6.1.jar:/Users/lagol/Documents/GenealogieSoftware/target/classes:/Users/lagol/Documents/GenealogieSoftware/lib/sqlite-jdbc-3.36.0.3.jar:/Users/lagol/javafx-sdk-17.0.1/lib/javafx.controls.jar:/Users/lagol/javafx-sdk-17.0.1/lib/javafx.graphics.jar -Djdk.module.main=com.maxjacobi.genealogiesoftware 
java_command: com.maxjacobi.genealogiesoftware/com.maxjacobi.genealogiesoftware.GenealogieSoftwareApplication
java_class_path (initial): /Users/lagol/javafx-sdk-17.0.1/lib/javafx-swt.jar:/Users/lagol/javafx-sdk-17.0.1/lib/javafx.web.jar:/Users/lagol/javafx-sdk-17.0.1/lib/javafx.fxml.jar:/Users/lagol/javafx-sdk-17.0.1/lib/javafx.media.jar:/Users/lagol/javafx-sdk-17.0.1/lib/javafx.swing.jar
Launcher Type: SUN_STANDARD

[Global flags]
     intx CICompilerCount                          = 3                                         {product} {ergonomic}
     uint ConcGCThreads                            = 1                                         {product} {ergonomic}
     uint G1ConcRefinementThreads                  = 4                                         {product} {ergonomic}
   size_t G1HeapRegionSize                         = 2097152                                   {product} {ergonomic}
    uintx GCDrainStackTargetSize                   = 64                                        {product} {ergonomic}
   size_t InitialHeapSize                          = 268435456                                 {product} {ergonomic}
   size_t MarkStackSize                            = 4194304                                   {product} {ergonomic}
   size_t MaxHeapSize                              = 4294967296                                {product} {ergonomic}
   size_t MaxNewSize                               = 2575302656                                {product} {ergonomic}
   size_t MinHeapDeltaBytes                        = 2097152                                   {product} {ergonomic}
   size_t MinHeapSize                              = 8388608                                   {product} {ergonomic}
    uintx NonNMethodCodeHeapSize                   = 5832780                                {pd product} {ergonomic}
    uintx NonProfiledCodeHeapSize                  = 122912730                              {pd product} {ergonomic}
    uintx ProfiledCodeHeapSize                     = 122912730                              {pd product} {ergonomic}
    uintx ReservedCodeCacheSize                    = 251658240                              {pd product} {ergonomic}
     bool SegmentedCodeCache                       = true                                      {product} {ergonomic}
   size_t SoftMaxHeapSize                          = 4294967296                             {manageable} {ergonomic}
     bool UseCompressedClassPointers               = true                           {product lp64_product} {ergonomic}
     bool UseCompressedOops                        = true                           {product lp64_product} {ergonomic}
     bool UseG1GC                                  = true                                      {product} {ergonomic}
     bool UseNUMA                                  = false                                     {product} {ergonomic}
     bool UseNUMAInterleaving                      = false                                     {product} {ergonomic}

Logging:
Log output configuration:
 #0: stdout all=warning uptime,level,tags
 #1: stderr all=off uptime,level,tags

Environment Variables:
JAVA_HOME=/Library/Java/JavaVirtualMachines/jdk-17.0.2.jdk/Contents/Home
PATH=/Users/lagol/.nvm/versions/node/v17.2.0/bin:/usr/local/opt/openjdk/bin:/opt/local/bin:/opt/local/sbin:/usr/local/bin:/usr/bin:/bin:/usr/sbin:/sbin:/Library/TeX/texbin:/Library/Apple/usr/bin:/Applications/Wireshark.app/Contents/MacOS
SHELL=/bin/zsh
LC_CTYPE=de_DE.UTF-8

Signal Handlers:
   SIGSEGV: _ZL13crash_handleriP9__siginfoPv in libjvm.dylib, mask=11100110000111110111111111111111, flags=SA_RESTART|SA_SIGINFO
    SIGBUS: _ZL13crash_handleriP9__siginfoPv in libjvm.dylib, mask=11100110000111110111111111111111, flags=SA_RESTART|SA_SIGINFO
    SIGFPE: _ZL13crash_handleriP9__siginfoPv in libjvm.dylib, mask=11100110000111110111111111111111, flags=SA_RESTART|SA_SIGINFO
   SIGPIPE: _ZL17javaSignalHandleriP9__siginfoPv in libjvm.dylib, mask=11100110000111110111111111111111, flags=SA_RESTART|SA_SIGINFO
   SIGXFSZ: _ZL17javaSignalHandleriP9__siginfoPv in libjvm.dylib, mask=11100110000111110111111111111111, flags=SA_RESTART|SA_SIGINFO
    SIGILL: _ZL13crash_handleriP9__siginfoPv in libjvm.dylib, mask=11100110000111110111111111111111, flags=SA_RESTART|SA_SIGINFO
   SIGUSR2: _ZL10SR_handleriP9__siginfoP17__darwin_ucontext in libjvm.dylib, mask=00100000000000000000000000000000, flags=SA_RESTART|SA_SIGINFO
    SIGHUP: _ZL11UserHandleriPvS_ in libjvm.dylib, mask=11100110000111110111111111111111, flags=SA_RESTART|SA_SIGINFO
    SIGINT: _ZL11UserHandleriPvS_ in libjvm.dylib, mask=11100110000111110111111111111111, flags=SA_RESTART|SA_SIGINFO
   SIGTERM: _ZL11UserHandleriPvS_ in libjvm.dylib, mask=11100110000111110111111111111111, flags=SA_RESTART|SA_SIGINFO
   SIGQUIT: _ZL11UserHandleriPvS_ in libjvm.dylib, mask=11100110000111110111111111111111, flags=SA_RESTART|SA_SIGINFO
   SIGTRAP: _ZL13crash_handleriP9__siginfoPv in libjvm.dylib, mask=11100110000111110111111111111111, flags=SA_RESTART|SA_SIGINFO


---------------  S Y S T E M  ---------------

OS:
uname: Darwin 21.3.0 Darwin Kernel Version 21.3.0: Wed Jan  5 21:37:58 PST 2022; root:xnu-8019.80.24~20/RELEASE_X86_64 x86_64
OS uptime: 7 days 14:23 hours
rlimit (soft/hard): STACK 8192k/65532k , CORE 0k/infinity , NPROC 2784/4176 , NOFILE 10240/infinity , AS infinity/infinity , CPU infinity/infinity , DATA infinity/infinity , FSIZE infinity/infinity , MEMLOCK infinity/infinity , RSS infinity/infinity
load average: 2.74 2.59 2.67

CPU: total 4 (initial active 4) (2 cores per cpu, 2 threads per core) family 6 model 61 stepping 4 microcode 0x2f, cx8, cmov, fxsr, ht, mmx, 3dnowpref, sse, sse2, sse3, ssse3, sse4.1, sse4.2, popcnt, lzcnt, tsc, tscinvbit, avx, avx2, aes, erms, clmul, bmi1, bmi2, adx, fma, vzeroupper, clflush

Memory: 4k page, physical 16777216k(671176k free), swap 2097152k(1602816k free)

vm_info: Java HotSpot(TM) 64-Bit Server VM (17.0.2+8-LTS-86) for bsd-amd64 JRE (17.0.2+8-LTS-86), built on Dec  7 2021 21:56:25 by "mach5one" with clang Apple LLVM 12.0.0 (clang-1200.0.32.29)

END.
